L 05/01/2020 - 11:26:36: Log file started (file "logs/L0501006.log") (game "/host/68019/43811/cstrike") (version "4100")
L 05/01/2020 - 11:26:36: Loading map "de_dust2"
L 05/01/2020 - 11:26:36: server cvars start
L 05/01/2020 - 11:26:36: "stripper_version" = "1.2.2"
L 05/01/2020 - 11:26:36: "sourcemod_version" = "1.9.0.6224"
L 05/01/2020 - 11:26:36: "sm_nextmap" = ""
L 05/01/2020 - 11:26:36: "metamod_version" = "1.10.0V"
L 05/01/2020 - 11:26:36: "zb_version" = "4.4"
L 05/01/2020 - 11:26:36: "zb_status" = "1"
L 05/01/2020 - 11:26:36: "mp_hostagepenalty" = "13"
L 05/01/2020 - 11:26:36: "mp_buytime" = "1.5"
L 05/01/2020 - 11:26:36: "mp_playerid" = "0"
L 05/01/2020 - 11:26:36: "mp_fadetoblack" = "0"
L 05/01/2020 - 11:26:36: "nextlevel" = ""
L 05/01/2020 - 11:26:36: "mp_autoteambalance" = "1"
L 05/01/2020 - 11:26:36: "mp_maxrounds" = "0"
L 05/01/2020 - 11:26:36: "mp_startmoney" = "800"
L 05/01/2020 - 11:26:36: "mp_roundtime" = "5"
L 05/01/2020 - 11:26:36: "mp_freezetime" = "6"
L 05/01/2020 - 11:26:36: "mp_c4timer" = "45"
L 05/01/2020 - 11:26:36: "mp_limitteams" = "2"
L 05/01/2020 - 11:26:36: "sv_alltalk" = "0"
L 05/01/2020 - 11:26:36: "mp_timelimit" = "0"
L 05/01/2020 - 11:26:36: "sv_gravity" = "800"
L 05/01/2020 - 11:26:36: "sv_stopspeed" = "100"
L 05/01/2020 - 11:26:36: "sv_noclipaccelerate" = "5"
L 05/01/2020 - 11:26:36: "sv_noclipspeed" = "5"
L 05/01/2020 - 11:26:36: "sv_specaccelerate" = "5"
L 05/01/2020 - 11:26:36: "sv_specspeed" = "3"
L 05/01/2020 - 11:26:36: "sv_specnoclip" = "1"
L 05/01/2020 - 11:26:36: "sv_maxspeed" = "320"
L 05/01/2020 - 11:26:36: "sv_accelerate" = "10"
L 05/01/2020 - 11:26:36: "sv_airaccelerate" = "10"
L 05/01/2020 - 11:26:36: "sv_wateraccelerate" = "10"
L 05/01/2020 - 11:26:36: "sv_waterfriction" = "1"
L 05/01/2020 - 11:26:36: "sv_footsteps" = "1"
L 05/01/2020 - 11:26:36: "sv_rollspeed" = "200"
L 05/01/2020 - 11:26:36: "sv_rollangle" = "0"
L 05/01/2020 - 11:26:36: "sv_friction" = "4"
L 05/01/2020 - 11:26:36: "sv_bounce" = "0"
L 05/01/2020 - 11:26:36: "sv_stepsize" = "18"
L 05/01/2020 - 11:26:36: "mp_forcecamera" = "0"
L 05/01/2020 - 11:26:36: "mp_allowspectators" = "1.0"
L 05/01/2020 - 11:26:36: "mp_friendlyfire" = "0"
L 05/01/2020 - 11:26:36: "sv_unlag" = "1"
L 05/01/2020 - 11:26:36: "sv_maxunlag" = "1.0"
L 05/01/2020 - 11:26:36: "tv_delay" = "90"
L 05/01/2020 - 11:26:36: "mp_teamplay" = "0"
L 05/01/2020 - 11:26:36: "mp_fraglimit" = "0"
L 05/01/2020 - 11:26:36: "mp_falldamage" = "0"
L 05/01/2020 - 11:26:36: "mp_weaponstay" = "0"
L 05/01/2020 - 11:26:36: "mp_forcerespawn" = "1"
L 05/01/2020 - 11:26:36: "mp_footsteps" = "1"
L 05/01/2020 - 11:26:36: "mp_flashlight" = "0"
L 05/01/2020 - 11:26:36: "mp_autocrosshair" = "1"
L 05/01/2020 - 11:26:36: "decalfrequency" = "10"
L 05/01/2020 - 11:26:36: "mp_allowNPCs" = "1"
L 05/01/2020 - 11:26:36: "sv_cheats" = "0"
L 05/01/2020 - 11:26:36: "sv_pausable" = "0"
L 05/01/2020 - 11:26:36: "sv_contact" = "www.forum.sourcetm.com"
L 05/01/2020 - 11:26:36: "sv_voiceenable" = "1"
L 05/01/2020 - 11:26:36: "sv_consistency" = "1"
L 05/01/2020 - 11:26:36: "sv_mincmdrate" = "0"
L 05/01/2020 - 11:26:36: "sv_maxcmdrate" = "40"
L 05/01/2020 - 11:26:36: "sv_maxrate" = "0"
L 05/01/2020 - 11:26:36: "sv_minrate" = "3500"
L 05/01/2020 - 11:26:36: "sv_maxupdaterate" = "60"
L 05/01/2020 - 11:26:36: "sv_minupdaterate" = "10"
L 05/01/2020 - 11:26:36: "host_framerate" = "0"
L 05/01/2020 - 11:26:36: "tv_password" = ""
L 05/01/2020 - 11:26:36: "tv_relaypassword" = ""
L 05/01/2020 - 11:26:36: "sv_password" = ""
L 05/01/2020 - 11:26:36: server cvars end
L 05/01/2020 - 11:26:36: Started map "de_dust2" (CRC "1413637712")
L 05/01/2020 - 11:26:36: server_cvar: "sv_accelerate" "5"
L 05/01/2020 - 11:26:36: server_cvar: "sv_stopspeed" "75"
L 05/01/2020 - 11:26:37: 
eSTEAMATiON STEAM2 System is starting-up.
Version : 2.0
Type: Release Candidate 8 UPDATE 1
Release Date: 24 November 2010  11:30 AM
Author:ViTYAN
L 05/01/2020 - 11:26:37: 
eSTEAMATiON STEAM2 initialization and preconfiguring process has been started...
L 05/01/2020 - 11:26:37: eSTEAMATiON loaded legit STEAM2 library 
L 05/01/2020 - 11:26:37: 
eSTEAMATiON STEAM2 v2.0 Release Candidate 8 UPDATE 1
Release Date:24 November 2010  11:30 AM
Author:ViTYAN
has been successfully loaded.
L 05/01/2020 - 11:26:37: 
eSTEAMATiON STEAM2 configuration has been successfully determined(Default config).
L 05/01/2020 - 11:26:37: eSTEAMATiON configuration is as following:

L 05/01/2020 - 11:26:37: [eSTEAMATiON SECURITY POLICY]
L 05/01/2020 - 11:26:37: SteamEmu Clients: ACCEPT
L 05/01/2020 - 11:26:37: LEGACY SteamEmu Clients: DROP
L 05/01/2020 - 11:26:37: eSTEAMATiON SemiSteam Native Clients: ACCEPT
L 05/01/2020 - 11:26:37: eSTEAMATiON HL1-WON Clients: ACCEPT
L 05/01/2020 - 11:26:37: Minimal Version Restriction for eSTEAMATiON SemiSteam Native Clients : DISABLED
L 05/01/2020 - 11:26:37: LEGACY RevEmu 1-St Generation Clients: DROP
L 05/01/2020 - 11:26:37: LEGACY RevEmu 2-Nd Generation Clients: ACCEPT
L 05/01/2020 - 11:26:37: LEGACY RevEmu 3-Rd Generation Clients: ACCEPT
L 05/01/2020 - 11:26:37: RevEmu 4-Th Generation Clients: ACCEPT
L 05/01/2020 - 11:26:37: RevCrew's SteamUp Clients: ACCEPT
L 05/01/2020 - 11:26:37: SteamUp/AVSMP Clients: ACCEPT
L 05/01/2020 - 11:26:37: HookEmu Clients: ACCEPT
L 05/01/2020 - 11:26:37: AVSEMU Clients: DROP
L 05/01/2020 - 11:26:37: Legit Valve and Cracked Steam Clients: ACCEPT
L 05/01/2020 - 11:26:37: SETTI server scanner: ACCEPT
L 05/01/2020 - 11:26:37: LEGACY HL1 WON(-nosteam) Clients: ACCEPT
L 05/01/2020 - 11:26:37: Unknown Clients: DROP
L 05/01/2020 - 11:26:37: Unknown Steam simulating Clients: DROP
L 05/01/2020 - 11:26:37: Unknown NonSteam simulating Clients: DROP
L 05/01/2020 - 11:26:37: Unknown TokenLess Clients: DROP
L 05/01/2020 - 11:26:37: 
[eSTEAMATiON REJECTION SETTINGS]
L 05/01/2020 - 11:26:37: REJECT Clients after initial validation process compliation: ENABLED
L 05/01/2020 - 11:26:37: USE CUSTOM messages for Client's rejection: DISABLED
L 05/01/2020 - 11:26:37: CUSTOM rejection messages file line scan limit: 8192 bytes per line
L 05/01/2020 - 11:26:37: 
[eSTEAMATiON GLOBAL ID-GENERATION MODE]
L 05/01/2020 - 11:26:37: GLOBAL SteamID mode for Non-Steam Client's without unique ID's support: by IP
L 05/01/2020 - 11:26:37: GLOBAL SteamID mode for Supported(Known) NonSteam Clients: Unique ID's(Depends on Emulator)
L 05/01/2020 - 11:26:37: GLOBAL SteamID mode for Legit Valve and Cracked Steam Clients: VALVE's Unique ID's
L 05/01/2020 - 11:26:37: GLOBAL SteamID mode for Steam clients which failed to authenticate: Classic DROP
L 05/01/2020 - 11:26:37: HookEmu and SteamEmu ID compatability mode: ENABLED
L 05/01/2020 - 11:26:37: SteamEmu COMPAT LEVEL: NATIVE eSTEAMATiON 2.0
L 05/01/2020 - 11:26:37: 
[eSTEAMATiON LOGGING]
L 05/01/2020 - 11:26:37: Enable logging of Client type to console on connect: ENABLED(STAT)
L 05/01/2020 - 11:26:37: Enable logging of REJECTED Client type to console on connect: ENABLED(STAT)
L 05/01/2020 - 11:26:37: Enable DEBUG file logging: DISABLED
L 05/01/2020 - 11:26:37: 

L 05/01/2020 - 11:26:37: server_cvar: "sv_minrate" "25000"
L 05/01/2020 - 11:26:37: server_cvar: "sv_maxrate" "35000"
L 05/01/2020 - 11:26:37: server_cvar: "sv_minupdaterate" "66"
L 05/01/2020 - 11:26:37: server_cvar: "sv_maxupdaterate" "100"
L 05/01/2020 - 11:26:37: server_cvar: "sv_mincmdrate" "66"
L 05/01/2020 - 11:26:37: server_cvar: "sv_maxcmdrate" "100"
L 05/01/2020 - 11:26:37: server_cvar: "mp_footsteps" "1"
L 05/01/2020 - 11:26:37: server_cvar: "mp_fraglimit" "0"
L 05/01/2020 - 11:26:37: server_cvar: "mp_maxrounds" "0"
L 05/01/2020 - 11:26:37: server_cvar: "mp_freezetime" "10"
L 05/01/2020 - 11:26:37: server_cvar: "mp_fadetoblack" "0"
L 05/01/2020 - 11:26:37: server_cvar: "mp_buytime" "0.25"
L 05/01/2020 - 11:26:37: server_cvar: "mp_startmoney" "800"
L 05/01/2020 - 11:26:37: server_cvar: "mp_friendlyfire" "1"
L 05/01/2020 - 11:26:37: server_cvar: "mp_autoteambalance" "0"
L 05/01/2020 - 11:26:37: server_cvar: "mp_hostagepenalty" "0"
L 05/01/2020 - 11:26:37: server_cvar: "mp_roundtime" "1.75"
L 05/01/2020 - 11:26:37: server_cvar: "mp_forcerespawn" "1"
L 05/01/2020 - 11:26:37: server_cvar: "mp_forcecamera" "1"
L 05/01/2020 - 11:26:37: server_cvar: "mp_falldamage" "1"
L 05/01/2020 - 11:26:37: server_cvar: "mp_flashlight" "0"
L 05/01/2020 - 11:26:37: server_cvar: "mp_limitteams" "0"
L 05/01/2020 - 11:26:37: server_cvar: "mp_timelimit" "0"
L 05/01/2020 - 11:26:37: server_cvar: "mp_playerid" "1"
L 05/01/2020 - 11:26:37: server_cvar: "mp_c4timer" "35"
L 05/01/2020 - 11:26:37: server_cvar: "sv_alltalk" "0"
L 05/01/2020 - 11:26:37: server_cvar: "sv_pausable" "0"
L 05/01/2020 - 11:26:37: server_cvar: "sv_cheats" "0"
L 05/01/2020 - 11:26:37: server_cvar: "sv_consistency" "1"
L 05/01/2020 - 11:26:37: server_cvar: "sv_voiceenable" "1"
L 05/01/2020 - 11:26:37: server_cvar: "sv_footsteps" "1"
L 05/01/2020 - 11:26:37: server_cvar: "sv_gravity" "800"
L 05/01/2020 - 11:26:37: server_cvar: "sv_friction" "4"
L 05/01/2020 - 11:26:37: server_cvar: "sv_accelerate" "5"
L 05/01/2020 - 11:26:37: server_cvar: "sv_airaccelerate" "10"
L 05/01/2020 - 11:26:37: server_cvar: "sv_stopspeed" "75"
L 05/01/2020 - 11:26:37: server_cvar: "sv_stepsize" "18"
L 05/01/2020 - 11:26:37: server_cvar: "sv_maxspeed" "320"
L 05/01/2020 - 11:26:37: server_cvar: "mp_allowspectators" "1"
L 05/01/2020 - 11:26:37: server_cvar: "sv_specaccelerate" "5"
L 05/01/2020 - 11:26:37: server_cvar: "sv_specnoclip" "1"
L 05/01/2020 - 11:26:37: server_cvar: "sv_specspeed" "3"
L 05/01/2020 - 11:26:37: server_cvar: "mp_roundtime" "1"
L 05/01/2020 - 11:26:37: server_cvar: "mp_startmoney" "16000"
L 05/01/2020 - 11:26:37: server_cvar: "mp_buytime" "1"
L 05/01/2020 - 11:26:37: server_cvar: "mp_freezetime" "3"
L 05/01/2020 - 11:26:37: [META] Loaded 0 plugins (2 already loaded)
L 05/01/2020 - 11:26:37: [META] Loaded 0 plugins (2 already loaded)
L 05/01/2020 - 11:26:37: Log file closed
