L 05/01/2020 - 12:58:14: Log file started (file "logs/L0501019.log") (game "/host/68019/43811/cstrike") (version "4100")
L 05/01/2020 - 12:58:14: Loading map "de_dust2"
L 05/01/2020 - 12:58:14: server cvars start
L 05/01/2020 - 12:58:14: "antipingmask_version" = "1.6.0"
L 05/01/2020 - 12:58:14: "wm_notify_version" = "3.1.10"
L 05/01/2020 - 12:58:14: "wm_ct_score" = "0"
L 05/01/2020 - 12:58:14: "wm_t_score" = "0"
L 05/01/2020 - 12:58:14: "wm_ct" = "Counter-Terrorists"
L 05/01/2020 - 12:58:14: "wm_t" = "Terrorists"
L 05/01/2020 - 12:58:14: "wm_upload_results" = "0"
L 05/01/2020 - 12:58:14: "wm_status" = "4"
L 05/01/2020 - 12:58:14: "wm_warmup_respawn" = "0"
L 05/01/2020 - 12:58:14: "wm_remove_deathcam_delay" = "1.400000"
L 05/01/2020 - 12:58:14: "wm_remove_deathcam" = "1"
L 05/01/2020 - 12:58:14: "wm_remove_ragdoll_delay" = "2"
L 05/01/2020 - 12:58:14: "wm_remove_ragdoll" = "1"
L 05/01/2020 - 12:58:14: "wm_remove_grenade_sound" = "0"
L 05/01/2020 - 12:58:14: "wm_remove_help_hints" = "1"
L 05/01/2020 - 12:58:14: "wm_damage" = "1"
L 05/01/2020 - 12:58:14: "wm_play_out" = "0"
L 05/01/2020 - 12:58:14: "wm_prefix_logs" = "0"
L 05/01/2020 - 12:58:14: "wm_auto_record" = "1"
L 05/01/2020 - 12:58:14: "wm_overtime_start_money" = "10000"
L 05/01/2020 - 12:58:14: "wm_overtime_max_rounds" = "3"
L 05/01/2020 - 12:58:14: "wm_overtime" = "1"
L 05/01/2020 - 12:58:14: "wm_score_mode" = "1"
L 05/01/2020 - 12:58:14: "wm_auto_kick_delay" = "10"
L 05/01/2020 - 12:58:14: "wm_auto_kick_team" = "0"
L 05/01/2020 - 12:58:14: "wm_auto_knife" = "0"
L 05/01/2020 - 12:58:14: "wm_half_auto_ready" = "1"
L 05/01/2020 - 12:58:14: "wm_auto_swap" = "1"
L 05/01/2020 - 12:58:14: "wm_auto_ready" = "1"
L 05/01/2020 - 12:58:14: "wm_live_override_knife" = "1"
L 05/01/2020 - 12:58:14: "wm_live_override" = "1"
L 05/01/2020 - 12:58:14: "wm_show_info" = "1"
L 05/01/2020 - 12:58:14: "wm_require_names" = "0"
L 05/01/2020 - 12:58:14: "wm_knife_smokegrenade" = "0"
L 05/01/2020 - 12:58:14: "wm_knife_flashbang" = "0"
L 05/01/2020 - 12:58:14: "wm_knife_hegrenade" = "0"
L 05/01/2020 - 12:58:14: "wm_block_warm_up_grenades" = "1"
L 05/01/2020 - 12:58:14: "wm_max_rounds" = "15"
L 05/01/2020 - 12:58:14: "wm_ingame_scores" = "1"
L 05/01/2020 - 12:58:14: "wm_defuse_frags" = "0"
L 05/01/2020 - 12:58:14: "wm_bomb_frags" = "0"
L 05/01/2020 - 12:58:14: "wm_block_nightvision" = "1"
L 05/01/2020 - 12:58:14: "wm_round_money" = "1"
L 05/01/2020 - 12:58:14: "wm_max_players" = "10"
L 05/01/2020 - 12:58:14: "wm_min_ready" = "10"
L 05/01/2020 - 12:58:14: "wm_lock_teams" = "1"
L 05/01/2020 - 12:58:14: "wm_stats_trace_delay" = "5"
L 05/01/2020 - 12:58:14: "wm_stats_trace" = "0"
L 05/01/2020 - 12:58:14: "wm_stats_method" = "2"
L 05/01/2020 - 12:58:14: "wm_stats_enabled" = "1"
L 05/01/2020 - 12:58:14: "wm_active" = "1"
L 05/01/2020 - 12:58:14: "stripper_version" = "1.2.2"
L 05/01/2020 - 12:58:14: "sourcemod_version" = "1.9.0.6224"
L 05/01/2020 - 12:58:14: "sm_nextmap" = "de_dust2"
L 05/01/2020 - 12:58:14: "metamod_version" = "1.10.0V"
L 05/01/2020 - 12:58:14: "zb_version" = "4.4"
L 05/01/2020 - 12:58:14: "zb_status" = "7"
L 05/01/2020 - 12:58:14: "mp_hostagepenalty" = "0"
L 05/01/2020 - 12:58:14: "mp_buytime" = "1"
L 05/01/2020 - 12:58:14: "mp_playerid" = "1"
L 05/01/2020 - 12:58:14: "mp_fadetoblack" = "0"
L 05/01/2020 - 12:58:14: "nextlevel" = ""
L 05/01/2020 - 12:58:14: "mp_autoteambalance" = "0"
L 05/01/2020 - 12:58:14: "mp_maxrounds" = "0"
L 05/01/2020 - 12:58:14: "mp_startmoney" = "16000"
L 05/01/2020 - 12:58:14: "mp_roundtime" = "1"
L 05/01/2020 - 12:58:14: "mp_freezetime" = "3"
L 05/01/2020 - 12:58:14: "mp_c4timer" = "35"
L 05/01/2020 - 12:58:14: "mp_limitteams" = "0"
L 05/01/2020 - 12:58:14: "sv_alltalk" = "0"
L 05/01/2020 - 12:58:14: "mp_timelimit" = "0"
L 05/01/2020 - 12:58:14: "sv_gravity" = "800"
L 05/01/2020 - 12:58:14: "sv_stopspeed" = "75"
L 05/01/2020 - 12:58:14: "sv_noclipaccelerate" = "5"
L 05/01/2020 - 12:58:14: "sv_noclipspeed" = "5"
L 05/01/2020 - 12:58:14: "sv_specaccelerate" = "5"
L 05/01/2020 - 12:58:14: "sv_specspeed" = "3"
L 05/01/2020 - 12:58:14: "sv_specnoclip" = "1"
L 05/01/2020 - 12:58:14: "sv_maxspeed" = "320"
L 05/01/2020 - 12:58:14: "sv_accelerate" = "5"
L 05/01/2020 - 12:58:14: "sv_airaccelerate" = "10"
L 05/01/2020 - 12:58:14: "sv_wateraccelerate" = "10"
L 05/01/2020 - 12:58:14: "sv_waterfriction" = "1"
L 05/01/2020 - 12:58:14: "sv_footsteps" = "1"
L 05/01/2020 - 12:58:14: "sv_rollspeed" = "200"
L 05/01/2020 - 12:58:14: "sv_rollangle" = "0"
L 05/01/2020 - 12:58:14: "sv_friction" = "4"
L 05/01/2020 - 12:58:14: "sv_bounce" = "0"
L 05/01/2020 - 12:58:14: "sv_stepsize" = "18"
L 05/01/2020 - 12:58:14: "mp_forcecamera" = "1"
L 05/01/2020 - 12:58:14: "mp_allowspectators" = "1"
L 05/01/2020 - 12:58:14: "mp_friendlyfire" = "1"
L 05/01/2020 - 12:58:14: "sv_unlag" = "1"
L 05/01/2020 - 12:58:14: "sv_maxunlag" = "1.0"
L 05/01/2020 - 12:58:14: "tv_delay" = "90"
L 05/01/2020 - 12:58:14: "mp_teamplay" = "0"
L 05/01/2020 - 12:58:14: "mp_fraglimit" = "0"
L 05/01/2020 - 12:58:14: "mp_falldamage" = "1"
L 05/01/2020 - 12:58:14: "mp_weaponstay" = "0"
L 05/01/2020 - 12:58:14: "mp_forcerespawn" = "1"
L 05/01/2020 - 12:58:14: "mp_footsteps" = "1"
L 05/01/2020 - 12:58:14: "mp_flashlight" = "0"
L 05/01/2020 - 12:58:14: "mp_autocrosshair" = "1"
L 05/01/2020 - 12:58:14: "decalfrequency" = "10"
L 05/01/2020 - 12:58:14: "mp_allowNPCs" = "1"
L 05/01/2020 - 12:58:14: "sv_cheats" = "0"
L 05/01/2020 - 12:58:14: "sv_pausable" = "0"
L 05/01/2020 - 12:58:14: "sv_contact" = "www.forum.sourcetm.com"
L 05/01/2020 - 12:58:14: "sv_voiceenable" = "1"
L 05/01/2020 - 12:58:14: "sv_consistency" = "1"
L 05/01/2020 - 12:58:14: "sv_mincmdrate" = "66"
L 05/01/2020 - 12:58:14: "sv_maxcmdrate" = "100"
L 05/01/2020 - 12:58:14: "sv_maxrate" = "35000"
L 05/01/2020 - 12:58:14: "sv_minrate" = "25000"
L 05/01/2020 - 12:58:14: "sv_maxupdaterate" = "100"
L 05/01/2020 - 12:58:14: "sv_minupdaterate" = "66"
L 05/01/2020 - 12:58:14: "host_framerate" = "0"
L 05/01/2020 - 12:58:14: "tv_password" = ""
L 05/01/2020 - 12:58:14: "tv_relaypassword" = ""
L 05/01/2020 - 12:58:14: "sv_password" = ""
L 05/01/2020 - 12:58:14: server cvars end
L 05/01/2020 - 12:58:14: Started map "de_dust2" (CRC "1413637712")
L 05/01/2020 - 12:58:16: server_cvar: "sv_accelerate" "5"
L 05/01/2020 - 12:58:16: server_cvar: "sv_stopspeed" "75"
L 05/01/2020 - 12:58:17: <WarMod> {"event": "unready_all"}
L 05/01/2020 - 12:58:17: <WarMod> {"event": "ready_system", "enabled": true}
L 05/01/2020 - 12:58:17: "SourceTV<2><BOT><>" connected, address "none"
L 05/01/2020 - 12:58:17: <WarMod> {"event": "player_connect", "player": {"name": "SourceTV", "userId": 2, "uniqueId": "BOT", "team": 0}, "address": "127.0.0.1", "country": ""}
L 05/01/2020 - 12:58:17: "SourceTV<2><BOT><>" entered the game
L 05/01/2020 - 12:58:17: "SourceTV<2><BOT><Unassigned>" joined team "Spectator"
L 05/01/2020 - 12:58:17: <WarMod> {"event": "player_team", "player": {"name": "SourceTV", "userId": 2, "uniqueId": "BOT", "team": 0}, "oldTeam": 0, "newTeam": 1}
L 05/01/2020 - 12:58:17: server_cvar: "wm_prefix_logs" "0"
L 05/01/2020 - 12:58:17: server_cvar: "wm_stats_enabled" "1"
L 05/01/2020 - 12:58:17: server_cvar: "wm_stats_method" "2"
L 05/01/2020 - 12:58:17: server_cvar: "wm_stats_trace" "0"
L 05/01/2020 - 12:58:17: server_cvar: "wm_stats_trace_delay" "5"
L 05/01/2020 - 12:58:17: server_cvar: "wm_upload_results" "0"
L 05/01/2020 - 12:58:17: server_cvar: "wm_t" "Terrorists"
L 05/01/2020 - 12:58:17: server_cvar: "wm_ct" "Counter-Terrorists"
L 05/01/2020 - 12:58:17: server_cvar: "sv_minrate" "25000"
L 05/01/2020 - 12:58:17: server_cvar: "sv_maxrate" "35000"
L 05/01/2020 - 12:58:17: server_cvar: "sv_minupdaterate" "66"
L 05/01/2020 - 12:58:17: server_cvar: "sv_maxupdaterate" "100"
L 05/01/2020 - 12:58:17: server_cvar: "sv_mincmdrate" "66"
L 05/01/2020 - 12:58:17: server_cvar: "sv_maxcmdrate" "100"
L 05/01/2020 - 12:58:17: server_cvar: "wm_active" "1"
L 05/01/2020 - 12:58:17: server_cvar: "wm_max_players" "10"
L 05/01/2020 - 12:58:17: server_cvar: "wm_play_out" "0"
L 05/01/2020 - 12:58:17: server_cvar: "wm_auto_knife" "0"
L 05/01/2020 - 12:58:17: server_cvar: "wm_round_money" "1"
L 05/01/2020 - 12:58:17: server_cvar: "wm_min_ready" "10"
L 05/01/2020 - 12:58:17: server_cvar: "wm_ingame_scores" "1"
L 05/01/2020 - 12:58:17: server_cvar: "wm_knife_hegrenade" "0"
L 05/01/2020 - 12:58:17: server_cvar: "wm_knife_flashbang" "0"
L 05/01/2020 - 12:58:17: server_cvar: "wm_knife_smokegrenade" "0"
L 05/01/2020 - 12:58:17: server_cvar: "wm_lock_teams" "1"
L 05/01/2020 - 12:58:17: server_cvar: "wm_auto_swap" "1"
L 05/01/2020 - 12:58:17: server_cvar: "wm_auto_record" "1"
L 05/01/2020 - 12:58:17: server_cvar: "wm_auto_kick_team" "0"
L 05/01/2020 - 12:58:17: server_cvar: "wm_auto_kick_delay" "10"
L 05/01/2020 - 12:58:17: server_cvar: "wm_warmup_respawn" "0"
L 05/01/2020 - 12:58:17: server_cvar: "wm_damage" "1"
L 05/01/2020 - 12:58:17: server_cvar: "wm_bomb_frags" "0"
L 05/01/2020 - 12:58:17: server_cvar: "wm_defuse_frags" "0"
L 05/01/2020 - 12:58:17: server_cvar: "wm_remove_deathcam" "1"
L 05/01/2020 - 12:58:17: server_cvar: "wm_remove_deathcam_delay" "1"
L 05/01/2020 - 12:58:17: server_cvar: "wm_remove_help_hints" "1"
L 05/01/2020 - 12:58:17: server_cvar: "wm_remove_grenade_sound" "0"
L 05/01/2020 - 12:58:17: server_cvar: "wm_remove_ragdoll" "1"
L 05/01/2020 - 12:58:17: server_cvar: "wm_remove_ragdoll_delay" "2"
L 05/01/2020 - 12:58:17: server_cvar: "wm_block_nightvision" "1"
L 05/01/2020 - 12:58:17: server_cvar: "wm_block_warm_up_grenades" "1"
L 05/01/2020 - 12:58:17: server_cvar: "wm_show_info" "1"
L 05/01/2020 - 12:58:17: server_cvar: "wm_require_names" "0"
L 05/01/2020 - 12:58:17: server_cvar: "wm_auto_ready" "1"
L 05/01/2020 - 12:58:17: server_cvar: "wm_half_auto_ready" "1"
L 05/01/2020 - 12:58:17: server_cvar: "mp_footsteps" "1"
L 05/01/2020 - 12:58:17: server_cvar: "mp_fraglimit" "0"
L 05/01/2020 - 12:58:17: server_cvar: "mp_maxrounds" "0"
L 05/01/2020 - 12:58:17: server_cvar: "mp_freezetime" "10"
L 05/01/2020 - 12:58:17: server_cvar: "mp_fadetoblack" "0"
L 05/01/2020 - 12:58:17: server_cvar: "mp_buytime" "0.25"
L 05/01/2020 - 12:58:17: server_cvar: "mp_startmoney" "800"
L 05/01/2020 - 12:58:17: server_cvar: "mp_friendlyfire" "1"
L 05/01/2020 - 12:58:17: server_cvar: "mp_autoteambalance" "0"
L 05/01/2020 - 12:58:17: server_cvar: "mp_hostagepenalty" "0"
L 05/01/2020 - 12:58:17: server_cvar: "mp_roundtime" "1.75"
L 05/01/2020 - 12:58:17: server_cvar: "mp_forcerespawn" "1"
L 05/01/2020 - 12:58:17: server_cvar: "mp_forcecamera" "1"
L 05/01/2020 - 12:58:17: server_cvar: "mp_falldamage" "1"
L 05/01/2020 - 12:58:17: server_cvar: "mp_flashlight" "0"
L 05/01/2020 - 12:58:17: server_cvar: "mp_limitteams" "0"
L 05/01/2020 - 12:58:17: server_cvar: "mp_timelimit" "0"
L 05/01/2020 - 12:58:17: server_cvar: "mp_playerid" "1"
L 05/01/2020 - 12:58:17: server_cvar: "mp_c4timer" "35"
L 05/01/2020 - 12:58:17: server_cvar: "sv_alltalk" "0"
L 05/01/2020 - 12:58:17: server_cvar: "sv_pausable" "0"
L 05/01/2020 - 12:58:17: server_cvar: "sv_cheats" "0"
L 05/01/2020 - 12:58:17: server_cvar: "sv_consistency" "1"
L 05/01/2020 - 12:58:17: server_cvar: "sv_voiceenable" "1"
L 05/01/2020 - 12:58:17: server_cvar: "sv_footsteps" "1"
L 05/01/2020 - 12:58:17: server_cvar: "sv_gravity" "800"
L 05/01/2020 - 12:58:17: server_cvar: "sv_friction" "4"
L 05/01/2020 - 12:58:17: server_cvar: "sv_accelerate" "5"
L 05/01/2020 - 12:58:17: server_cvar: "sv_airaccelerate" "10"
L 05/01/2020 - 12:58:17: server_cvar: "sv_stopspeed" "75"
L 05/01/2020 - 12:58:17: server_cvar: "sv_stepsize" "18"
L 05/01/2020 - 12:58:17: server_cvar: "sv_maxspeed" "320"
L 05/01/2020 - 12:58:17: server_cvar: "mp_allowspectators" "1"
L 05/01/2020 - 12:58:17: server_cvar: "sv_specaccelerate" "5"
L 05/01/2020 - 12:58:17: server_cvar: "sv_specnoclip" "1"
L 05/01/2020 - 12:58:17: server_cvar: "sv_specspeed" "3"
L 05/01/2020 - 12:58:17: server_cvar: "mp_roundtime" "1"
L 05/01/2020 - 12:58:17: server_cvar: "mp_startmoney" "16000"
L 05/01/2020 - 12:58:17: server_cvar: "mp_buytime" "1"
L 05/01/2020 - 12:58:17: server_cvar: "mp_freezetime" "3"
L 05/01/2020 - 12:58:17: server_cvar: "tv_delay" "90"
L 05/01/2020 - 12:58:17: World triggered "Round_Start"
L 05/01/2020 - 12:58:17: <WarMod> {"event": "round_freeze_end"}
L 05/01/2020 - 12:58:17: "SourceTV<2><BOT><Spectator>" changed name to "KASOK.NET #NSK CSS v34 MIX TV"
L 05/01/2020 - 12:58:17: <WarMod> {"event": "player_name", "player": {"name": "SourceTV", "userId": 2, "uniqueId": "BOT", "team": 1}, "newName": "KASOK.NET #NSK CSS v34 MIX TV"}
L 05/01/2020 - 12:58:17: <WarMod> {"event": "round_start", "freezeTime": 3}
L 05/01/2020 - 12:58:17: "x777xx<3><STEAM_ID_PENDING><>" connected, address "77.34.83.179:27005"
L 05/01/2020 - 12:58:17: L 05/01/2020 - 12:58:17: eSTEAMATiON STATS Info: <ID STEAM_0:0:1707600965><IP 77.34.83.179> <EMU REVEMU_4TH_GEN> STATUS:ACCEPTED
L 05/01/2020 - 12:58:17: L 05/01/2020 - 12:58:17: eSTEAMATiON assigned STEAM_0:0:1707600965 ID to this client
L 05/01/2020 - 12:58:17: "x777xx<3><STEAM_0:0:1707600965><>" STEAM USERID validated
L 05/01/2020 - 12:58:19: <WarMod> {"event": "player_connect", "player": {"name": "x777xx", "userId": 3, "uniqueId": "STEAM_0:0:1707600965", "team": 0}, "address": "77.34.83.179", "country": "RU"}
L 05/01/2020 - 12:58:19: "x777xx<3><STEAM_0:0:1707600965><>" entered the game
L 05/01/2020 - 12:58:19: World triggered "Round_Start"
L 05/01/2020 - 12:58:19: <WarMod> {"event": "round_freeze_end"}
L 05/01/2020 - 12:58:20: "x777xx<3><STEAM_0:0:1707600965><Unassigned>" joined team "TERRORIST"
L 05/01/2020 - 12:58:20: <WarMod> {"event": "player_team", "player": {"name": "x777xx", "userId": 3, "uniqueId": "STEAM_0:0:1707600965", "team": 0}, "oldTeam": 0, "newTeam": 2}
L 05/01/2020 - 12:58:21: <WarMod> {"event": "item_pickup", "player": {"name": "x777xx", "userId": 3, "uniqueId": "STEAM_0:0:1707600965", "team": 2, "origin": [-832.00, -760.00, 240.00], "velocity": [0.00, 0.00, 0.00], "view": [0.00, 159.00, 0.00], "health": 100, "armor": 0, "helmet": 0}, "item": "knife"}
L 05/01/2020 - 12:58:21: <WarMod> {"event": "item_pickup", "player": {"name": "x777xx", "userId": 3, "uniqueId": "STEAM_0:0:1707600965", "team": 2, "origin": [-832.00, -760.00, 240.00], "velocity": [0.00, 0.00, 0.00], "view": [0.00, 159.00, 0.00], "health": 100, "armor": 0, "helmet": 0}, "item": "glock"}
L 05/01/2020 - 12:58:21: <WarMod> {"event": "item_pickup", "player": {"name": "x777xx", "userId": 3, "uniqueId": "STEAM_0:0:1707600965", "team": 2, "origin": [-832.00, -760.00, 240.00], "velocity": [0.00, 0.00, 0.00], "view": [0.00, 159.00, 0.00], "health": 100, "armor": 0, "helmet": 0}, "item": "c4"}
L 05/01/2020 - 12:58:21: "x777xx<3><STEAM_0:0:1707600965><TERRORIST>" triggered "Got_The_Bomb"
L 05/01/2020 - 12:58:21: <WarMod> {"event": "bomb_pickup", "player": {"name": "x777xx", "userId": 3, "uniqueId": "STEAM_0:0:1707600965", "team": 2, "origin": [-832.00, -760.00, 240.00], "velocity": [0.00, 0.00, 0.00], "view": [0.00, 159.00, 0.00], "health": 100, "armor": 0, "helmet": 0}}
L 05/01/2020 - 12:59:09: <WarMod> {"event": "ready_all"}
L 05/01/2020 - 12:59:24: "x777xx<3><STEAM_0:0:1707600965><TERRORIST>" say "@1"
L 05/01/2020 - 12:59:24: <WarMod> {"event": "player_say", "player": {"name": "x777xx", "userId": 3, "uniqueId": "STEAM_0:0:1707600965", "team": 2}, "message": "@1", "teamOnly": 0}
L 05/01/2020 - 12:59:41: "x777xx<3><STEAM_0:0:1707600965><TERRORIST>" say "@Вы что угораете?"
L 05/01/2020 - 12:59:41: <WarMod> {"event": "player_say", "player": {"name": "x777xx", "userId": 3, "uniqueId": "STEAM_0:0:1707600965", "team": 2}, "message": "@Вы что угораете?", "teamOnly": 0}
L 05/01/2020 - 13:00:09: "x777xx<3><STEAM_0:0:1707600965><TERRORIST>" say "!ыы"
L 05/01/2020 - 13:00:09: <WarMod> {"event": "player_say", "player": {"name": "x777xx", "userId": 3, "uniqueId": "STEAM_0:0:1707600965", "team": 2}, "message": "!ыы", "teamOnly": 0}
L 05/01/2020 - 13:00:10: "x777xx<3><STEAM_0:0:1707600965><TERRORIST>" say "!ss"
L 05/01/2020 - 13:00:10: <WarMod> {"event": "player_say", "player": {"name": "x777xx", "userId": 3, "uniqueId": "STEAM_0:0:1707600965", "team": 2}, "message": "!ss", "teamOnly": 0}
L 05/01/2020 - 13:00:13: "x777xx<3><STEAM_0:0:1707600965><TERRORIST>" say "!mm"
L 05/01/2020 - 13:00:13: <WarMod> {"event": "player_say", "player": {"name": "x777xx", "userId": 3, "uniqueId": "STEAM_0:0:1707600965", "team": 2}, "message": "!mm", "teamOnly": 0}
L 05/01/2020 - 13:00:16: "x777xx<3><STEAM_0:0:1707600965><TERRORIST>" say "!oq"
L 05/01/2020 - 13:00:16: <WarMod> {"event": "player_say", "player": {"name": "x777xx", "userId": 3, "uniqueId": "STEAM_0:0:1707600965", "team": 2}, "message": "!oq", "teamOnly": 0}
L 05/01/2020 - 13:00:23: "x777xx<3><STEAM_0:0:1707600965><TERRORIST>" say "@cap+"
L 05/01/2020 - 13:00:23: <WarMod> {"event": "player_say", "player": {"name": "x777xx", "userId": 3, "uniqueId": "STEAM_0:0:1707600965", "team": 2}, "message": "@cap+", "teamOnly": 0}
L 05/01/2020 - 13:00:37: "x777xx<3><STEAM_0:0:1707600965><TERRORIST>" say "!say 1"
L 05/01/2020 - 13:00:42: "x777xx<3><STEAM_0:0:1707600965><TERRORIST>" say "!psay qq"
L 05/01/2020 - 13:00:47: "x777xx<3><STEAM_0:0:1707600965><TERRORIST>" say "!msay 11"
L 05/01/2020 - 13:00:51: "x777xx<3><STEAM_0:0:1707600965><TERRORIST>" say "!!tsay 123"
L 05/01/2020 - 13:00:51: <WarMod> {"event": "player_say", "player": {"name": "x777xx", "userId": 3, "uniqueId": "STEAM_0:0:1707600965", "team": 2}, "message": "!!tsay 123", "teamOnly": 0}
L 05/01/2020 - 13:00:56: "x777xx<3><STEAM_0:0:1707600965><TERRORIST>" say "!tsay 1"
L 05/01/2020 - 13:01:06: "x777xx<3><STEAM_0:0:1707600965><TERRORIST>" say "!tsay {red} вы что угораете?"
L 05/01/2020 - 13:01:20: "x777xx<3><STEAM_0:0:1707600965><TERRORIST>" say "@{RED}qq"
L 05/01/2020 - 13:01:20: <WarMod> {"event": "player_say", "player": {"name": "x777xx", "userId": 3, "uniqueId": "STEAM_0:0:1707600965", "team": 2}, "message": "@{RED}qq", "teamOnly": 0}
L 05/01/2020 - 13:01:25: "x777xx<3><STEAM_0:0:1707600965><TERRORIST>" say_team "@RED qq"
L 05/01/2020 - 13:01:25: <WarMod> {"event": "player_say", "player": {"name": "x777xx", "userId": 3, "uniqueId": "STEAM_0:0:1707600965", "team": 2}, "message": "@RED qq", "teamOnly": 1}
L 05/01/2020 - 13:01:37: "x777xx<3><STEAM_0:0:1707600965><TERRORIST>" say_team "@qq"
L 05/01/2020 - 13:01:37: <WarMod> {"event": "player_say", "player": {"name": "x777xx", "userId": 3, "uniqueId": "STEAM_0:0:1707600965", "team": 2}, "message": "@qq", "teamOnly": 1}
L 05/01/2020 - 13:06:08: <WarMod> {"event": "player_disconnect", "player": {"name": "x777xx", "userId": 3, "uniqueId": "STEAM_0:0:1707600965", "team": 2}, "reason": "Disconnect by user."}
L 05/01/2020 - 13:06:08: "x777xx<3><STEAM_0:0:1707600965><TERRORIST>" disconnected (reason "Disconnect by user.")
L 05/01/2020 - 13:06:08: <WarMod> {"event": "weapon_stats", "player": {"name": "x777xx", "userId": 3, "uniqueId": "STEAM_0:0:1707600965", "team": 2}, "weapon": "knife", "shots": 23, "hits": 0, "kills": 0, "headshots": 0, "tks": 0, "damage": 0, "deaths": 0, "head": 0, "chest": 0, "stomach": 0, "leftArm": 0, "rightArm": 0, "leftLeg": 0, "rightLeg": 0, "generic": 0}
L 05/01/2020 - 13:06:08: <WarMod> {"event": "round_stats", "player": {"name": "x777xx", "userId": 3, "uniqueId": "STEAM_0:0:1707600965", "team": 2}, "shots": 23, "hits": 0, "kills": 0, "headshots": 0, "tks": 0, "damage": 0, "deaths": 0, "head": 0, "chest": 0, "stomach": 0, "leftArm": 0, "rightArm": 0, "leftLeg": 0, "rightLeg": 0, "generic": 0}
L 05/01/2020 - 13:06:08: "x777xx<3><STEAM_0:0:1707600965><TERRORIST>" triggered "Dropped_The_Bomb"
L 05/01/2020 - 13:06:08: <WarMod> {"event": "bomb_dropped", "player": {"name": "x777xx", "userId": 3, "uniqueId": "STEAM_0:0:1707600965", "team": 2, "origin": [766.05, 808.85, 66.95], "velocity": [0.00, 0.00, 0.00], "view": [11.61, 214.12, 0.00], "health": 100, "armor": 0, "helmet": 0}}
L 05/01/2020 - 13:06:08: <WarMod> {"event": "player_team", "player": {"name": "x777xx", "userId": 3, "uniqueId": "STEAM_0:0:1707600965", "team": 2}, "oldTeam": 2, "newTeam": 0}
L 05/01/2020 - 13:06:08: World triggered "Round_Draw" (CT "0") (T "0")
L 05/01/2020 - 13:06:08: Team "CT" scored "0" with "0" players
L 05/01/2020 - 13:06:08: Team "TERRORIST" scored "0" with "0" players
L 05/01/2020 - 13:06:08: World triggered "Round_End"
L 05/01/2020 - 13:06:08: <WarMod> {"event": "round_end", "winner": 1, "reason": 10}
L 05/01/2020 - 13:06:13: <WarMod> {"event": "round_start", "freezeTime": 3}
L 05/01/2020 - 13:06:14: "123<4><STEAM_ID_PENDING><>" connected, address "77.34.83.179:27005"
L 05/01/2020 - 13:06:14: L 05/01/2020 - 13:06:14: eSTEAMATiON STATS Info: <ID STEAM_0:0:1707600965><IP 77.34.83.179> <EMU REVEMU_4TH_GEN> STATUS:ACCEPTED
L 05/01/2020 - 13:06:14: L 05/01/2020 - 13:06:14: eSTEAMATiON assigned STEAM_0:0:1707600965 ID to this client
L 05/01/2020 - 13:06:14: "123<4><STEAM_0:0:1707600965><>" STEAM USERID validated
L 05/01/2020 - 13:06:16: World triggered "Round_Start"
L 05/01/2020 - 13:06:16: <WarMod> {"event": "round_freeze_end"}
L 05/01/2020 - 13:06:16: <WarMod> {"event": "player_connect", "player": {"name": "123", "userId": 4, "uniqueId": "STEAM_0:0:1707600965", "team": 0}, "address": "77.34.83.179", "country": "RU"}
L 05/01/2020 - 13:06:16: "123<4><STEAM_0:0:1707600965><>" entered the game
L 05/01/2020 - 13:06:17: "123<4><STEAM_0:0:1707600965><Unassigned>" joined team "CT"
L 05/01/2020 - 13:06:17: <WarMod> {"event": "player_team", "player": {"name": "123", "userId": 4, "uniqueId": "STEAM_0:0:1707600965", "team": 0}, "oldTeam": 0, "newTeam": 3}
L 05/01/2020 - 13:06:17: <WarMod> {"event": "item_pickup", "player": {"name": "123", "userId": 4, "uniqueId": "STEAM_0:0:1707600965", "team": 3, "origin": [448.00, 2464.00, -24.00], "velocity": [0.00, 0.00, 0.00], "view": [0.00, 255.00, 0.00], "health": 100, "armor": 0, "helmet": 0}, "item": "knife"}
L 05/01/2020 - 13:06:17: <WarMod> {"event": "item_pickup", "player": {"name": "123", "userId": 4, "uniqueId": "STEAM_0:0:1707600965", "team": 3, "origin": [448.00, 2464.00, -24.00], "velocity": [0.00, 0.00, 0.00], "view": [0.00, 255.00, 0.00], "health": 100, "armor": 0, "helmet": 0}, "item": "usp"}
L 05/01/2020 - 13:08:14: rcon from "77.34.83.179:61726": command "sm plugins reload antipingmask.smx"
L 05/01/2020 - 13:09:00: <WarMod> {"event": "player_disconnect", "player": {"name": "123", "userId": 4, "uniqueId": "STEAM_0:0:1707600965", "team": 3}, "reason": "Disconnect by user."}
L 05/01/2020 - 13:09:00: "123<4><STEAM_0:0:1707600965><CT>" disconnected (reason "Disconnect by user.")
L 05/01/2020 - 13:09:00: <WarMod> {"event": "weapon_stats", "player": {"name": "123", "userId": 4, "uniqueId": "STEAM_0:0:1707600965", "team": 3}, "weapon": "usp", "shots": 1, "hits": 0, "kills": 0, "headshots": 0, "tks": 0, "damage": 0, "deaths": 0, "head": 0, "chest": 0, "stomach": 0, "leftArm": 0, "rightArm": 0, "leftLeg": 0, "rightLeg": 0, "generic": 0}
L 05/01/2020 - 13:09:00: <WarMod> {"event": "weapon_stats", "player": {"name": "123", "userId": 4, "uniqueId": "STEAM_0:0:1707600965", "team": 3}, "weapon": "knife", "shots": 84, "hits": 0, "kills": 0, "headshots": 0, "tks": 0, "damage": 0, "deaths": 0, "head": 0, "chest": 0, "stomach": 0, "leftArm": 0, "rightArm": 0, "leftLeg": 0, "rightLeg": 0, "generic": 0}
L 05/01/2020 - 13:09:00: <WarMod> {"event": "round_stats", "player": {"name": "123", "userId": 4, "uniqueId": "STEAM_0:0:1707600965", "team": 3}, "shots": 85, "hits": 0, "kills": 0, "headshots": 0, "tks": 0, "damage": 0, "deaths": 0, "head": 0, "chest": 0, "stomach": 0, "leftArm": 0, "rightArm": 0, "leftLeg": 0, "rightLeg": 0, "generic": 0}
L 05/01/2020 - 13:09:00: <WarMod> {"event": "player_team", "player": {"name": "123", "userId": 4, "uniqueId": "STEAM_0:0:1707600965", "team": 3}, "oldTeam": 3, "newTeam": 0}
L 05/01/2020 - 13:09:00: World triggered "Round_Draw" (CT "0") (T "0")
L 05/01/2020 - 13:09:00: Team "CT" scored "0" with "0" players
L 05/01/2020 - 13:09:00: Team "TERRORIST" scored "0" with "0" players
L 05/01/2020 - 13:09:00: World triggered "Round_End"
L 05/01/2020 - 13:09:00: <WarMod> {"event": "round_end", "winner": 1, "reason": 10}
L 05/01/2020 - 13:09:01: "123<5><STEAM_ID_PENDING><>" connected, address "77.34.83.179:27005"
L 05/01/2020 - 13:09:01: L 05/01/2020 - 13:09:01: eSTEAMATiON STATS Info: <ID STEAM_0:0:1707600965><IP 77.34.83.179> <EMU REVEMU_4TH_GEN> STATUS:ACCEPTED
L 05/01/2020 - 13:09:01: L 05/01/2020 - 13:09:01: eSTEAMATiON assigned STEAM_0:0:1707600965 ID to this client
L 05/01/2020 - 13:09:01: "123<5><STEAM_0:0:1707600965><>" STEAM USERID validated
L 05/01/2020 - 13:09:03: <WarMod> {"event": "player_connect", "player": {"name": "123", "userId": 5, "uniqueId": "STEAM_0:0:1707600965", "team": 0}, "address": "77.34.83.179", "country": "RU"}
L 05/01/2020 - 13:09:03: "123<5><STEAM_0:0:1707600965><>" entered the game
L 05/01/2020 - 13:09:05: "123<5><STEAM_0:0:1707600965><Unassigned>" joined team "TERRORIST"
L 05/01/2020 - 13:09:05: <WarMod> {"event": "player_team", "player": {"name": "123", "userId": 5, "uniqueId": "STEAM_0:0:1707600965", "team": 0}, "oldTeam": 0, "newTeam": 2}
L 05/01/2020 - 13:09:05: <WarMod> {"event": "item_pickup", "player": {"name": "123", "userId": 5, "uniqueId": "STEAM_0:0:1707600965", "team": 2, "origin": [-832.00, -856.00, 240.00], "velocity": [0.00, 0.00, 0.00], "view": [0.00, 10.00, 0.00], "health": 100, "armor": 0, "helmet": 0}, "item": "knife"}
L 05/01/2020 - 13:09:05: <WarMod> {"event": "item_pickup", "player": {"name": "123", "userId": 5, "uniqueId": "STEAM_0:0:1707600965", "team": 2, "origin": [-832.00, -856.00, 240.00], "velocity": [0.00, 0.00, 0.00], "view": [0.00, 10.00, 0.00], "health": 100, "armor": 0, "helmet": 0}, "item": "glock"}
L 05/01/2020 - 13:09:05: <WarMod> {"event": "item_pickup", "player": {"name": "123", "userId": 5, "uniqueId": "STEAM_0:0:1707600965", "team": 2, "origin": [-832.00, -856.00, 240.00], "velocity": [0.00, 0.00, 0.00], "view": [0.00, 10.00, 0.00], "health": 100, "armor": 0, "helmet": 0}, "item": "c4"}
L 05/01/2020 - 13:09:05: "123<5><STEAM_0:0:1707600965><TERRORIST>" triggered "Got_The_Bomb"
L 05/01/2020 - 13:09:05: <WarMod> {"event": "bomb_pickup", "player": {"name": "123", "userId": 5, "uniqueId": "STEAM_0:0:1707600965", "team": 2, "origin": [-832.00, -856.00, 240.00], "velocity": [0.00, 0.00, 0.00], "view": [0.00, 10.00, 0.00], "health": 100, "armor": 0, "helmet": 0}}
L 05/01/2020 - 13:09:05: <WarMod> {"event": "round_start", "freezeTime": 3}
L 05/01/2020 - 13:09:08: World triggered "Round_Start"
L 05/01/2020 - 13:09:08: <WarMod> {"event": "round_freeze_end"}
L 05/01/2020 - 13:10:28: <WarMod> {"event": "player_disconnect", "player": {"name": "123", "userId": 5, "uniqueId": "STEAM_0:0:1707600965", "team": 2}, "reason": "Disconnect by user."}
L 05/01/2020 - 13:10:28: "123<5><STEAM_0:0:1707600965><TERRORIST>" disconnected (reason "Disconnect by user.")
L 05/01/2020 - 13:10:28: <WarMod> {"event": "weapon_stats", "player": {"name": "123", "userId": 5, "uniqueId": "STEAM_0:0:1707600965", "team": 2}, "weapon": "knife", "shots": 21, "hits": 0, "kills": 0, "headshots": 0, "tks": 0, "damage": 0, "deaths": 0, "head": 0, "chest": 0, "stomach": 0, "leftArm": 0, "rightArm": 0, "leftLeg": 0, "rightLeg": 0, "generic": 0}
L 05/01/2020 - 13:10:28: <WarMod> {"event": "round_stats", "player": {"name": "123", "userId": 5, "uniqueId": "STEAM_0:0:1707600965", "team": 2}, "shots": 21, "hits": 0, "kills": 0, "headshots": 0, "tks": 0, "damage": 0, "deaths": 0, "head": 0, "chest": 0, "stomach": 0, "leftArm": 0, "rightArm": 0, "leftLeg": 0, "rightLeg": 0, "generic": 0}
L 05/01/2020 - 13:10:28: "123<5><STEAM_0:0:1707600965><TERRORIST>" triggered "Dropped_The_Bomb"
L 05/01/2020 - 13:10:28: <WarMod> {"event": "bomb_dropped", "player": {"name": "123", "userId": 5, "uniqueId": "STEAM_0:0:1707600965", "team": 2, "origin": [1318.08, 1608.62, 65.95], "velocity": [0.00, 0.00, 0.00], "view": [7.54, 270.39, 0.00], "health": 100, "armor": 0, "helmet": 0}}
L 05/01/2020 - 13:10:28: <WarMod> {"event": "player_team", "player": {"name": "123", "userId": 5, "uniqueId": "STEAM_0:0:1707600965", "team": 2}, "oldTeam": 2, "newTeam": 0}
L 05/01/2020 - 13:10:28: World triggered "Round_Draw" (CT "0") (T "0")
L 05/01/2020 - 13:10:28: Team "CT" scored "0" with "0" players
L 05/01/2020 - 13:10:28: Team "TERRORIST" scored "0" with "0" players
L 05/01/2020 - 13:10:28: World triggered "Round_End"
L 05/01/2020 - 13:10:28: <WarMod> {"event": "round_end", "winner": 1, "reason": 10}
L 05/01/2020 - 13:10:33: <WarMod> {"event": "round_start", "freezeTime": 3}
L 05/01/2020 - 13:10:36: World triggered "Round_Start"
L 05/01/2020 - 13:10:36: <WarMod> {"event": "round_freeze_end"}
L 05/01/2020 - 13:23:42: [META] Loaded 0 plugins (2 already loaded)
L 05/01/2020 - 13:23:42: "KASOK.NET #NSK CSS v34 MIX TV<2><BOT><>" disconnected (reason "Server shutting down")
L 05/01/2020 - 13:23:42: server_message: "quit"
L 05/01/2020 - 13:23:42: Log file closed
