L 05/01/2020 - 12:48:07: Log file started (file "logs/L0501013.log") (game "/host/68019/43811/cstrike") (version "4100")
L 05/01/2020 - 12:48:07: Loading map "de_dust2"
L 05/01/2020 - 12:48:07: server cvars start
L 05/01/2020 - 12:48:07: "antipingmask_version" = "1.6.0"
L 05/01/2020 - 12:48:07: "wm_notify_version" = "3.1.10"
L 05/01/2020 - 12:48:07: "wm_ct_score" = "0"
L 05/01/2020 - 12:48:07: "wm_t_score" = "0"
L 05/01/2020 - 12:48:07: "wm_ct" = "Counter-Terrorists"
L 05/01/2020 - 12:48:07: "wm_t" = "Terrorists"
L 05/01/2020 - 12:48:07: "wm_upload_results" = "0"
L 05/01/2020 - 12:48:07: "wm_status" = "4"
L 05/01/2020 - 12:48:07: "wm_warmup_respawn" = "0"
L 05/01/2020 - 12:48:07: "wm_remove_deathcam_delay" = "1.400000"
L 05/01/2020 - 12:48:07: "wm_remove_deathcam" = "1"
L 05/01/2020 - 12:48:07: "wm_remove_ragdoll_delay" = "2"
L 05/01/2020 - 12:48:07: "wm_remove_ragdoll" = "1"
L 05/01/2020 - 12:48:07: "wm_remove_grenade_sound" = "0"
L 05/01/2020 - 12:48:07: "wm_remove_help_hints" = "1"
L 05/01/2020 - 12:48:07: "wm_damage" = "1"
L 05/01/2020 - 12:48:07: "wm_play_out" = "0"
L 05/01/2020 - 12:48:07: "wm_prefix_logs" = "0"
L 05/01/2020 - 12:48:07: "wm_auto_record" = "1"
L 05/01/2020 - 12:48:07: "wm_overtime_start_money" = "10000"
L 05/01/2020 - 12:48:07: "wm_overtime_max_rounds" = "3"
L 05/01/2020 - 12:48:07: "wm_overtime" = "1"
L 05/01/2020 - 12:48:07: "wm_score_mode" = "1"
L 05/01/2020 - 12:48:07: "wm_auto_kick_delay" = "10"
L 05/01/2020 - 12:48:07: "wm_auto_kick_team" = "0"
L 05/01/2020 - 12:48:07: "wm_auto_knife" = "0"
L 05/01/2020 - 12:48:07: "wm_half_auto_ready" = "1"
L 05/01/2020 - 12:48:07: "wm_auto_swap" = "1"
L 05/01/2020 - 12:48:07: "wm_auto_ready" = "1"
L 05/01/2020 - 12:48:07: "wm_live_override_knife" = "1"
L 05/01/2020 - 12:48:07: "wm_live_override" = "1"
L 05/01/2020 - 12:48:07: "wm_show_info" = "1"
L 05/01/2020 - 12:48:07: "wm_require_names" = "0"
L 05/01/2020 - 12:48:07: "wm_knife_smokegrenade" = "0"
L 05/01/2020 - 12:48:07: "wm_knife_flashbang" = "0"
L 05/01/2020 - 12:48:07: "wm_knife_hegrenade" = "0"
L 05/01/2020 - 12:48:07: "wm_block_warm_up_grenades" = "1"
L 05/01/2020 - 12:48:07: "wm_max_rounds" = "15"
L 05/01/2020 - 12:48:07: "wm_ingame_scores" = "1"
L 05/01/2020 - 12:48:07: "wm_defuse_frags" = "0"
L 05/01/2020 - 12:48:07: "wm_bomb_frags" = "0"
L 05/01/2020 - 12:48:07: "wm_block_nightvision" = "1"
L 05/01/2020 - 12:48:07: "wm_round_money" = "1"
L 05/01/2020 - 12:48:07: "wm_max_players" = "10"
L 05/01/2020 - 12:48:07: "wm_min_ready" = "10"
L 05/01/2020 - 12:48:07: "wm_lock_teams" = "1"
L 05/01/2020 - 12:48:07: "wm_stats_trace_delay" = "5"
L 05/01/2020 - 12:48:07: "wm_stats_trace" = "0"
L 05/01/2020 - 12:48:07: "wm_stats_method" = "2"
L 05/01/2020 - 12:48:07: "wm_stats_enabled" = "1"
L 05/01/2020 - 12:48:07: "wm_active" = "1"
L 05/01/2020 - 12:48:07: "stripper_version" = "1.2.2"
L 05/01/2020 - 12:48:07: "sourcemod_version" = "1.9.0.6224"
L 05/01/2020 - 12:48:07: "sm_nextmap" = "de_dust2"
L 05/01/2020 - 12:48:07: "metamod_version" = "1.10.0V"
L 05/01/2020 - 12:48:07: "zb_version" = "4.4"
L 05/01/2020 - 12:48:07: "zb_status" = "7"
L 05/01/2020 - 12:48:07: "mp_hostagepenalty" = "0"
L 05/01/2020 - 12:48:07: "mp_buytime" = "1"
L 05/01/2020 - 12:48:07: "mp_playerid" = "1"
L 05/01/2020 - 12:48:07: "mp_fadetoblack" = "0"
L 05/01/2020 - 12:48:07: "nextlevel" = ""
L 05/01/2020 - 12:48:07: "mp_autoteambalance" = "0"
L 05/01/2020 - 12:48:07: "mp_maxrounds" = "0"
L 05/01/2020 - 12:48:07: "mp_startmoney" = "16000"
L 05/01/2020 - 12:48:07: "mp_roundtime" = "1"
L 05/01/2020 - 12:48:07: "mp_freezetime" = "3"
L 05/01/2020 - 12:48:07: "mp_c4timer" = "35"
L 05/01/2020 - 12:48:07: "mp_limitteams" = "0"
L 05/01/2020 - 12:48:07: "sv_alltalk" = "0"
L 05/01/2020 - 12:48:07: "mp_timelimit" = "0"
L 05/01/2020 - 12:48:07: "sv_gravity" = "800"
L 05/01/2020 - 12:48:07: "sv_stopspeed" = "75"
L 05/01/2020 - 12:48:07: "sv_noclipaccelerate" = "5"
L 05/01/2020 - 12:48:07: "sv_noclipspeed" = "5"
L 05/01/2020 - 12:48:07: "sv_specaccelerate" = "5"
L 05/01/2020 - 12:48:07: "sv_specspeed" = "3"
L 05/01/2020 - 12:48:07: "sv_specnoclip" = "1"
L 05/01/2020 - 12:48:07: "sv_maxspeed" = "320"
L 05/01/2020 - 12:48:07: "sv_accelerate" = "5"
L 05/01/2020 - 12:48:07: "sv_airaccelerate" = "10"
L 05/01/2020 - 12:48:07: "sv_wateraccelerate" = "10"
L 05/01/2020 - 12:48:07: "sv_waterfriction" = "1"
L 05/01/2020 - 12:48:07: "sv_footsteps" = "1"
L 05/01/2020 - 12:48:07: "sv_rollspeed" = "200"
L 05/01/2020 - 12:48:07: "sv_rollangle" = "0"
L 05/01/2020 - 12:48:07: "sv_friction" = "4"
L 05/01/2020 - 12:48:07: "sv_bounce" = "0"
L 05/01/2020 - 12:48:07: "sv_stepsize" = "18"
L 05/01/2020 - 12:48:07: "mp_forcecamera" = "1"
L 05/01/2020 - 12:48:07: "mp_allowspectators" = "1"
L 05/01/2020 - 12:48:07: "mp_friendlyfire" = "1"
L 05/01/2020 - 12:48:07: "sv_unlag" = "1"
L 05/01/2020 - 12:48:07: "sv_maxunlag" = "1.0"
L 05/01/2020 - 12:48:07: "tv_delay" = "90"
L 05/01/2020 - 12:48:07: "mp_teamplay" = "0"
L 05/01/2020 - 12:48:07: "mp_fraglimit" = "0"
L 05/01/2020 - 12:48:07: "mp_falldamage" = "1"
L 05/01/2020 - 12:48:07: "mp_weaponstay" = "0"
L 05/01/2020 - 12:48:07: "mp_forcerespawn" = "1"
L 05/01/2020 - 12:48:07: "mp_footsteps" = "1"
L 05/01/2020 - 12:48:07: "mp_flashlight" = "0"
L 05/01/2020 - 12:48:07: "mp_autocrosshair" = "1"
L 05/01/2020 - 12:48:07: "decalfrequency" = "10"
L 05/01/2020 - 12:48:07: "mp_allowNPCs" = "1"
L 05/01/2020 - 12:48:07: "sv_cheats" = "0"
L 05/01/2020 - 12:48:07: "sv_pausable" = "0"
L 05/01/2020 - 12:48:07: "sv_contact" = "www.forum.sourcetm.com"
L 05/01/2020 - 12:48:07: "sv_voiceenable" = "1"
L 05/01/2020 - 12:48:07: "sv_consistency" = "1"
L 05/01/2020 - 12:48:07: "sv_mincmdrate" = "66"
L 05/01/2020 - 12:48:07: "sv_maxcmdrate" = "100"
L 05/01/2020 - 12:48:07: "sv_maxrate" = "35000"
L 05/01/2020 - 12:48:07: "sv_minrate" = "25000"
L 05/01/2020 - 12:48:07: "sv_maxupdaterate" = "100"
L 05/01/2020 - 12:48:07: "sv_minupdaterate" = "66"
L 05/01/2020 - 12:48:07: "host_framerate" = "0"
L 05/01/2020 - 12:48:07: "tv_password" = ""
L 05/01/2020 - 12:48:07: "tv_relaypassword" = ""
L 05/01/2020 - 12:48:07: "sv_password" = ""
L 05/01/2020 - 12:48:07: server cvars end
L 05/01/2020 - 12:48:07: Started map "de_dust2" (CRC "1413637712")
L 05/01/2020 - 12:48:09: server_cvar: "sv_accelerate" "5"
L 05/01/2020 - 12:48:09: server_cvar: "sv_stopspeed" "75"
L 05/01/2020 - 12:48:09: <WarMod> {"event": "unready_all"}
L 05/01/2020 - 12:48:09: <WarMod> {"event": "ready_system", "enabled": true}
L 05/01/2020 - 12:48:09: "SourceTV<2><BOT><>" connected, address "none"
L 05/01/2020 - 12:48:09: <WarMod> {"event": "player_connect", "player": {"name": "SourceTV", "userId": 2, "uniqueId": "BOT", "team": 0}, "address": "127.0.0.1", "country": ""}
L 05/01/2020 - 12:48:09: "SourceTV<2><BOT><>" entered the game
L 05/01/2020 - 12:48:09: "SourceTV<2><BOT><Unassigned>" joined team "Spectator"
L 05/01/2020 - 12:48:09: <WarMod> {"event": "player_team", "player": {"name": "SourceTV", "userId": 2, "uniqueId": "BOT", "team": 0}, "oldTeam": 0, "newTeam": 1}
L 05/01/2020 - 12:48:09: server_cvar: "wm_prefix_logs" "0"
L 05/01/2020 - 12:48:09: server_cvar: "wm_stats_enabled" "1"
L 05/01/2020 - 12:48:09: server_cvar: "wm_stats_method" "2"
L 05/01/2020 - 12:48:09: server_cvar: "wm_stats_trace" "0"
L 05/01/2020 - 12:48:09: server_cvar: "wm_stats_trace_delay" "5"
L 05/01/2020 - 12:48:09: server_cvar: "wm_upload_results" "0"
L 05/01/2020 - 12:48:09: server_cvar: "wm_t" "Terrorists"
L 05/01/2020 - 12:48:09: server_cvar: "wm_ct" "Counter-Terrorists"
L 05/01/2020 - 12:48:09: server_cvar: "sv_minrate" "25000"
L 05/01/2020 - 12:48:09: server_cvar: "sv_maxrate" "35000"
L 05/01/2020 - 12:48:09: server_cvar: "sv_minupdaterate" "66"
L 05/01/2020 - 12:48:09: server_cvar: "sv_maxupdaterate" "100"
L 05/01/2020 - 12:48:09: server_cvar: "sv_mincmdrate" "66"
L 05/01/2020 - 12:48:09: server_cvar: "sv_maxcmdrate" "100"
L 05/01/2020 - 12:48:09: server_cvar: "wm_active" "1"
L 05/01/2020 - 12:48:09: server_cvar: "wm_max_players" "10"
L 05/01/2020 - 12:48:09: server_cvar: "wm_play_out" "0"
L 05/01/2020 - 12:48:09: server_cvar: "wm_auto_knife" "0"
L 05/01/2020 - 12:48:09: server_cvar: "wm_round_money" "1"
L 05/01/2020 - 12:48:09: server_cvar: "wm_min_ready" "10"
L 05/01/2020 - 12:48:09: server_cvar: "wm_ingame_scores" "1"
L 05/01/2020 - 12:48:09: server_cvar: "wm_knife_hegrenade" "0"
L 05/01/2020 - 12:48:09: server_cvar: "wm_knife_flashbang" "0"
L 05/01/2020 - 12:48:09: server_cvar: "wm_knife_smokegrenade" "0"
L 05/01/2020 - 12:48:09: server_cvar: "wm_lock_teams" "1"
L 05/01/2020 - 12:48:09: server_cvar: "wm_auto_swap" "1"
L 05/01/2020 - 12:48:09: server_cvar: "wm_auto_record" "1"
L 05/01/2020 - 12:48:09: server_cvar: "wm_auto_kick_team" "0"
L 05/01/2020 - 12:48:09: server_cvar: "wm_auto_kick_delay" "10"
L 05/01/2020 - 12:48:09: server_cvar: "wm_warmup_respawn" "0"
L 05/01/2020 - 12:48:09: server_cvar: "wm_damage" "1"
L 05/01/2020 - 12:48:09: server_cvar: "wm_bomb_frags" "0"
L 05/01/2020 - 12:48:09: server_cvar: "wm_defuse_frags" "0"
L 05/01/2020 - 12:48:09: server_cvar: "wm_remove_deathcam" "1"
L 05/01/2020 - 12:48:09: server_cvar: "wm_remove_deathcam_delay" "1"
L 05/01/2020 - 12:48:09: server_cvar: "wm_remove_help_hints" "1"
L 05/01/2020 - 12:48:09: server_cvar: "wm_remove_grenade_sound" "0"
L 05/01/2020 - 12:48:09: server_cvar: "wm_remove_ragdoll" "1"
L 05/01/2020 - 12:48:09: server_cvar: "wm_remove_ragdoll_delay" "2"
L 05/01/2020 - 12:48:09: server_cvar: "wm_block_nightvision" "1"
L 05/01/2020 - 12:48:09: server_cvar: "wm_block_warm_up_grenades" "1"
L 05/01/2020 - 12:48:09: server_cvar: "wm_show_info" "1"
L 05/01/2020 - 12:48:09: server_cvar: "wm_require_names" "0"
L 05/01/2020 - 12:48:09: server_cvar: "wm_auto_ready" "1"
L 05/01/2020 - 12:48:09: server_cvar: "wm_half_auto_ready" "1"
L 05/01/2020 - 12:48:09: server_cvar: "mp_footsteps" "1"
L 05/01/2020 - 12:48:09: server_cvar: "mp_fraglimit" "0"
L 05/01/2020 - 12:48:09: server_cvar: "mp_maxrounds" "0"
L 05/01/2020 - 12:48:09: server_cvar: "mp_freezetime" "10"
L 05/01/2020 - 12:48:09: server_cvar: "mp_fadetoblack" "0"
L 05/01/2020 - 12:48:09: server_cvar: "mp_buytime" "0.25"
L 05/01/2020 - 12:48:09: server_cvar: "mp_startmoney" "800"
L 05/01/2020 - 12:48:09: server_cvar: "mp_friendlyfire" "1"
L 05/01/2020 - 12:48:09: server_cvar: "mp_autoteambalance" "0"
L 05/01/2020 - 12:48:09: server_cvar: "mp_hostagepenalty" "0"
L 05/01/2020 - 12:48:09: server_cvar: "mp_roundtime" "1.75"
L 05/01/2020 - 12:48:09: server_cvar: "mp_forcerespawn" "1"
L 05/01/2020 - 12:48:09: server_cvar: "mp_forcecamera" "1"
L 05/01/2020 - 12:48:09: server_cvar: "mp_falldamage" "1"
L 05/01/2020 - 12:48:09: server_cvar: "mp_flashlight" "0"
L 05/01/2020 - 12:48:09: server_cvar: "mp_limitteams" "0"
L 05/01/2020 - 12:48:09: server_cvar: "mp_timelimit" "0"
L 05/01/2020 - 12:48:09: server_cvar: "mp_playerid" "1"
L 05/01/2020 - 12:48:09: server_cvar: "mp_c4timer" "35"
L 05/01/2020 - 12:48:09: server_cvar: "sv_alltalk" "0"
L 05/01/2020 - 12:48:09: server_cvar: "sv_pausable" "0"
L 05/01/2020 - 12:48:09: server_cvar: "sv_cheats" "0"
L 05/01/2020 - 12:48:09: server_cvar: "sv_consistency" "1"
L 05/01/2020 - 12:48:09: server_cvar: "sv_voiceenable" "1"
L 05/01/2020 - 12:48:09: server_cvar: "sv_footsteps" "1"
L 05/01/2020 - 12:48:09: server_cvar: "sv_gravity" "800"
L 05/01/2020 - 12:48:09: server_cvar: "sv_friction" "4"
L 05/01/2020 - 12:48:09: server_cvar: "sv_accelerate" "5"
L 05/01/2020 - 12:48:09: server_cvar: "sv_airaccelerate" "10"
L 05/01/2020 - 12:48:09: server_cvar: "sv_stopspeed" "75"
L 05/01/2020 - 12:48:09: server_cvar: "sv_stepsize" "18"
L 05/01/2020 - 12:48:09: server_cvar: "sv_maxspeed" "320"
L 05/01/2020 - 12:48:09: server_cvar: "mp_allowspectators" "1"
L 05/01/2020 - 12:48:09: server_cvar: "sv_specaccelerate" "5"
L 05/01/2020 - 12:48:09: server_cvar: "sv_specnoclip" "1"
L 05/01/2020 - 12:48:09: server_cvar: "sv_specspeed" "3"
L 05/01/2020 - 12:48:09: server_cvar: "mp_roundtime" "1"
L 05/01/2020 - 12:48:09: server_cvar: "mp_startmoney" "16000"
L 05/01/2020 - 12:48:09: server_cvar: "mp_buytime" "1"
L 05/01/2020 - 12:48:09: server_cvar: "mp_freezetime" "3"
L 05/01/2020 - 12:48:09: server_cvar: "tv_delay" "90"
L 05/01/2020 - 12:48:09: World triggered "Round_Start"
L 05/01/2020 - 12:48:09: <WarMod> {"event": "round_freeze_end"}
L 05/01/2020 - 12:48:09: "SourceTV<2><BOT><Spectator>" changed name to "KASOK.NET #NSK CSS v34 MIX TV"
L 05/01/2020 - 12:48:09: <WarMod> {"event": "player_name", "player": {"name": "SourceTV", "userId": 2, "uniqueId": "BOT", "team": 1}, "newName": "KASOK.NET #NSK CSS v34 MIX TV"}
L 05/01/2020 - 12:48:09: <WarMod> {"event": "round_start", "freezeTime": 3}
L 05/01/2020 - 12:48:12: World triggered "Round_Start"
L 05/01/2020 - 12:48:12: <WarMod> {"event": "round_freeze_end"}
L 05/01/2020 - 12:50:44: "x777xx<3><STEAM_ID_PENDING><>" connected, address "77.34.83.179:27005"
L 05/01/2020 - 12:50:44: L 05/01/2020 - 12:50:44: eSTEAMATiON STATS Info: <ID STEAM_0:0:1707600965><IP 77.34.83.179> <EMU REVEMU_4TH_GEN> STATUS:ACCEPTED
L 05/01/2020 - 12:50:44: L 05/01/2020 - 12:50:44: eSTEAMATiON assigned STEAM_0:0:1707600965 ID to this client
L 05/01/2020 - 12:50:44: "x777xx<3><STEAM_0:0:1707600965><>" STEAM USERID validated
L 05/01/2020 - 12:50:46: <WarMod> {"event": "player_connect", "player": {"name": "x777xx", "userId": 3, "uniqueId": "STEAM_0:0:1707600965", "team": 0}, "address": "77.34.83.179", "country": "RU"}
L 05/01/2020 - 12:50:46: "x777xx<3><STEAM_0:0:1707600965><>" entered the game
L 05/01/2020 - 12:50:48: "x777xx<3><STEAM_0:0:1707600965><Unassigned>" joined team "CT"
L 05/01/2020 - 12:50:48: <WarMod> {"event": "player_team", "player": {"name": "x777xx", "userId": 3, "uniqueId": "STEAM_0:0:1707600965", "team": 0}, "oldTeam": 0, "newTeam": 3}
L 05/01/2020 - 12:50:48: <WarMod> {"event": "item_pickup", "player": {"name": "x777xx", "userId": 3, "uniqueId": "STEAM_0:0:1707600965", "team": 3, "origin": [448.00, 2464.00, -24.00], "velocity": [0.00, 0.00, 0.00], "view": [0.00, 255.00, 0.00], "health": 100, "armor": 0, "helmet": 0}, "item": "knife"}
L 05/01/2020 - 12:50:48: <WarMod> {"event": "item_pickup", "player": {"name": "x777xx", "userId": 3, "uniqueId": "STEAM_0:0:1707600965", "team": 3, "origin": [448.00, 2464.00, -24.00], "velocity": [0.00, 0.00, 0.00], "view": [0.00, 255.00, 0.00], "health": 100, "armor": 0, "helmet": 0}, "item": "usp"}
L 05/01/2020 - 12:51:42: <WarMod> {"event": "round_stats", "player": {"name": "x777xx", "userId": 3, "uniqueId": "STEAM_0:0:1707600965", "team": 3}, "shots": 0, "hits": 0, "kills": 0, "headshots": 0, "tks": 0, "damage": 0, "deaths": 0, "head": 0, "chest": 0, "stomach": 0, "leftArm": 0, "rightArm": 0, "leftLeg": 0, "rightLeg": 0, "generic": 0}
L 05/01/2020 - 12:51:42: [META] Loaded 0 plugins (2 already loaded)
L 05/01/2020 - 12:51:42: "x777xx<3><STEAM_0:0:1707600965><>" disconnected (reason "Server shutting down")
L 05/01/2020 - 12:51:42: "KASOK.NET #NSK CSS v34 MIX TV<2><BOT><>" disconnected (reason "Server shutting down")
L 05/01/2020 - 12:51:42: server_message: "quit"
L 05/01/2020 - 12:51:42: Log file closed
