L 05/01/2020 - 11:07:13: Log file started (file "logs/L0501004.log") (game "/host/68019/43811/cstrike") (version "4100")
L 05/01/2020 - 11:07:13: Loading map "de_dust2"
L 05/01/2020 - 11:07:13: server cvars start
L 05/01/2020 - 11:07:13: "wm_notify_version" = "3.0.13"
L 05/01/2020 - 11:07:13: "wm_ct_score" = "0"
L 05/01/2020 - 11:07:13: "wm_t_score" = "0"
L 05/01/2020 - 11:07:13: "wm_ct" = "Counter-Terrorists"
L 05/01/2020 - 11:07:13: "wm_t" = "Terrorists"
L 05/01/2020 - 11:07:13: "wm_upload_results" = "0"
L 05/01/2020 - 11:07:13: "wm_status" = "4"
L 05/01/2020 - 11:07:13: "wm_modifiers" = "1"
L 05/01/2020 - 11:07:13: "wm_warmup_respawn" = "0"
L 05/01/2020 - 11:07:13: "wm_remove_deathcam_delay" = "1.400000"
L 05/01/2020 - 11:07:13: "wm_remove_deathcam" = "1"
L 05/01/2020 - 11:07:13: "wm_remove_ragdoll_delay" = "2"
L 05/01/2020 - 11:07:13: "wm_remove_ragdoll" = "1"
L 05/01/2020 - 11:07:13: "wm_remove_grenade_sound" = "0"
L 05/01/2020 - 11:07:13: "wm_remove_help_hints" = "1"
L 05/01/2020 - 11:07:13: "wm_damage" = "1"
L 05/01/2020 - 11:07:13: "wm_play_out" = "0"
L 05/01/2020 - 11:07:13: "wm_prefix_logs" = "0"
L 05/01/2020 - 11:07:13: "wm_auto_record" = "1"
L 05/01/2020 - 11:07:13: "wm_overtime_start_money" = "10000"
L 05/01/2020 - 11:07:13: "wm_overtime_max_rounds" = "3"
L 05/01/2020 - 11:07:13: "wm_overtime" = "1"
L 05/01/2020 - 11:07:13: "wm_score_mode" = "1"
L 05/01/2020 - 11:07:13: "wm_auto_kick_delay" = "10"
L 05/01/2020 - 11:07:13: "wm_auto_kick_team" = "0"
L 05/01/2020 - 11:07:13: "wm_auto_knife" = "0"
L 05/01/2020 - 11:07:13: "wm_half_auto_ready" = "1"
L 05/01/2020 - 11:07:13: "wm_auto_swap" = "1"
L 05/01/2020 - 11:07:13: "wm_auto_ready" = "1"
L 05/01/2020 - 11:07:13: "wm_live_override_knife" = "1"
L 05/01/2020 - 11:07:13: "wm_live_override" = "1"
L 05/01/2020 - 11:07:13: "wm_show_info" = "1"
L 05/01/2020 - 11:07:13: "wm_require_names" = "0"
L 05/01/2020 - 11:07:13: "wm_knife_smokegrenade" = "0"
L 05/01/2020 - 11:07:13: "wm_knife_flashbang" = "0"
L 05/01/2020 - 11:07:13: "wm_knife_hegrenade" = "0"
L 05/01/2020 - 11:07:13: "wm_block_warm_up_grenades" = "1"
L 05/01/2020 - 11:07:13: "wm_max_rounds" = "15"
L 05/01/2020 - 11:07:13: "wm_ingame_scores" = "1"
L 05/01/2020 - 11:07:13: "wm_defuse_frags" = "0"
L 05/01/2020 - 11:07:13: "wm_bomb_frags" = "0"
L 05/01/2020 - 11:07:13: "wm_block_nightvision" = "1"
L 05/01/2020 - 11:07:13: "wm_round_money" = "1"
L 05/01/2020 - 11:07:13: "wm_max_players" = "10"
L 05/01/2020 - 11:07:13: "wm_min_ready" = "10"
L 05/01/2020 - 11:07:13: "wm_lock_teams" = "1"
L 05/01/2020 - 11:07:13: "wm_stats_trace_delay" = "5"
L 05/01/2020 - 11:07:13: "wm_stats_trace" = "0"
L 05/01/2020 - 11:07:13: "wm_stats_method" = "2"
L 05/01/2020 - 11:07:13: "wm_stats_enabled" = "1"
L 05/01/2020 - 11:07:13: "wm_active" = "1"
L 05/01/2020 - 11:07:13: "stripper_version" = "1.2.2"
L 05/01/2020 - 11:07:13: "sourcemod_version" = "1.9.0.6224"
L 05/01/2020 - 11:07:13: "sm_nextmap" = "de_dust2"
L 05/01/2020 - 11:07:13: "metamod_version" = "1.10.0V"
L 05/01/2020 - 11:07:13: "zb_version" = "4.4"
L 05/01/2020 - 11:07:13: "zb_status" = "7"
L 05/01/2020 - 11:07:13: "mp_hostagepenalty" = "0"
L 05/01/2020 - 11:07:13: "mp_buytime" = "1"
L 05/01/2020 - 11:07:13: "mp_playerid" = "1"
L 05/01/2020 - 11:07:13: "mp_fadetoblack" = "0"
L 05/01/2020 - 11:07:13: "nextlevel" = ""
L 05/01/2020 - 11:07:13: "mp_autoteambalance" = "0"
L 05/01/2020 - 11:07:13: "mp_maxrounds" = "0"
L 05/01/2020 - 11:07:13: "mp_startmoney" = "16000"
L 05/01/2020 - 11:07:13: "mp_roundtime" = "1"
L 05/01/2020 - 11:07:13: "mp_freezetime" = "3"
L 05/01/2020 - 11:07:13: "mp_c4timer" = "35"
L 05/01/2020 - 11:07:13: "mp_limitteams" = "0"
L 05/01/2020 - 11:07:13: "sv_alltalk" = "0"
L 05/01/2020 - 11:07:13: "mp_timelimit" = "0"
L 05/01/2020 - 11:07:13: "sv_gravity" = "800"
L 05/01/2020 - 11:07:13: "sv_stopspeed" = "75"
L 05/01/2020 - 11:07:13: "sv_noclipaccelerate" = "5"
L 05/01/2020 - 11:07:13: "sv_noclipspeed" = "5"
L 05/01/2020 - 11:07:13: "sv_specaccelerate" = "5"
L 05/01/2020 - 11:07:13: "sv_specspeed" = "3"
L 05/01/2020 - 11:07:13: "sv_specnoclip" = "1"
L 05/01/2020 - 11:07:13: "sv_maxspeed" = "320"
L 05/01/2020 - 11:07:13: "sv_accelerate" = "5"
L 05/01/2020 - 11:07:13: "sv_airaccelerate" = "10"
L 05/01/2020 - 11:07:13: "sv_wateraccelerate" = "10"
L 05/01/2020 - 11:07:13: "sv_waterfriction" = "1"
L 05/01/2020 - 11:07:13: "sv_footsteps" = "1"
L 05/01/2020 - 11:07:13: "sv_rollspeed" = "200"
L 05/01/2020 - 11:07:13: "sv_rollangle" = "0"
L 05/01/2020 - 11:07:13: "sv_friction" = "4"
L 05/01/2020 - 11:07:13: "sv_bounce" = "0"
L 05/01/2020 - 11:07:13: "sv_stepsize" = "18"
L 05/01/2020 - 11:07:13: "mp_forcecamera" = "1"
L 05/01/2020 - 11:07:13: "mp_allowspectators" = "1"
L 05/01/2020 - 11:07:13: "mp_friendlyfire" = "1"
L 05/01/2020 - 11:07:13: "sv_unlag" = "1"
L 05/01/2020 - 11:07:13: "sv_maxunlag" = "1.0"
L 05/01/2020 - 11:07:13: "tv_delay" = "90"
L 05/01/2020 - 11:07:13: "mp_teamplay" = "0"
L 05/01/2020 - 11:07:13: "mp_fraglimit" = "0"
L 05/01/2020 - 11:07:13: "mp_falldamage" = "1"
L 05/01/2020 - 11:07:13: "mp_weaponstay" = "0"
L 05/01/2020 - 11:07:13: "mp_forcerespawn" = "1"
L 05/01/2020 - 11:07:13: "mp_footsteps" = "1"
L 05/01/2020 - 11:07:13: "mp_flashlight" = "0"
L 05/01/2020 - 11:07:13: "mp_autocrosshair" = "1"
L 05/01/2020 - 11:07:13: "decalfrequency" = "10"
L 05/01/2020 - 11:07:13: "mp_allowNPCs" = "1"
L 05/01/2020 - 11:07:13: "sv_cheats" = "0"
L 05/01/2020 - 11:07:13: "sv_pausable" = "0"
L 05/01/2020 - 11:07:13: "sv_contact" = "www.forum.sourcetm.com"
L 05/01/2020 - 11:07:13: "sv_voiceenable" = "1"
L 05/01/2020 - 11:07:13: "sv_consistency" = "1"
L 05/01/2020 - 11:07:13: "sv_mincmdrate" = "66"
L 05/01/2020 - 11:07:13: "sv_maxcmdrate" = "100"
L 05/01/2020 - 11:07:13: "sv_maxrate" = "35000"
L 05/01/2020 - 11:07:13: "sv_minrate" = "25000"
L 05/01/2020 - 11:07:13: "sv_maxupdaterate" = "100"
L 05/01/2020 - 11:07:13: "sv_minupdaterate" = "66"
L 05/01/2020 - 11:07:13: "host_framerate" = "0"
L 05/01/2020 - 11:07:13: "tv_password" = ""
L 05/01/2020 - 11:07:13: "tv_relaypassword" = ""
L 05/01/2020 - 11:07:13: "sv_password" = ""
L 05/01/2020 - 11:07:13: server cvars end
L 05/01/2020 - 11:07:13: Started map "de_dust2" (CRC "1413637712")
L 05/01/2020 - 11:07:13: server_cvar: "sv_accelerate" "5"
L 05/01/2020 - 11:07:13: server_cvar: "sv_stopspeed" "75"
L 05/01/2020 - 11:07:13: WarMod triggered "unready_all"
L 05/01/2020 - 11:07:13: WarMod triggered "ready_system" "enable"
L 05/01/2020 - 11:07:13: server_cvar: "wm_prefix_logs" "0"
L 05/01/2020 - 11:07:13: server_cvar: "wm_stats_enabled" "1"
L 05/01/2020 - 11:07:13: server_cvar: "wm_stats_method" "2"
L 05/01/2020 - 11:07:13: server_cvar: "wm_stats_trace" "0"
L 05/01/2020 - 11:07:13: server_cvar: "wm_stats_trace_delay" "5"
L 05/01/2020 - 11:07:13: server_cvar: "wm_upload_results" "0"
L 05/01/2020 - 11:07:13: server_cvar: "wm_t" "Terrorists"
L 05/01/2020 - 11:07:13: server_cvar: "wm_ct" "Counter-Terrorists"
L 05/01/2020 - 11:07:13: server_cvar: "sv_minrate" "25000"
L 05/01/2020 - 11:07:13: server_cvar: "sv_maxrate" "35000"
L 05/01/2020 - 11:07:13: server_cvar: "sv_minupdaterate" "66"
L 05/01/2020 - 11:07:13: server_cvar: "sv_maxupdaterate" "100"
L 05/01/2020 - 11:07:13: server_cvar: "sv_mincmdrate" "66"
L 05/01/2020 - 11:07:13: server_cvar: "sv_maxcmdrate" "100"
L 05/01/2020 - 11:07:13: server_cvar: "wm_active" "1"
L 05/01/2020 - 11:07:13: server_cvar: "wm_max_players" "10"
L 05/01/2020 - 11:07:13: server_cvar: "wm_play_out" "0"
L 05/01/2020 - 11:07:13: server_cvar: "wm_auto_knife" "0"
L 05/01/2020 - 11:07:13: server_cvar: "wm_round_money" "1"
L 05/01/2020 - 11:07:13: server_cvar: "wm_min_ready" "10"
L 05/01/2020 - 11:07:13: server_cvar: "wm_ingame_scores" "1"
L 05/01/2020 - 11:07:13: server_cvar: "wm_knife_hegrenade" "0"
L 05/01/2020 - 11:07:13: server_cvar: "wm_knife_flashbang" "0"
L 05/01/2020 - 11:07:13: server_cvar: "wm_knife_smokegrenade" "0"
L 05/01/2020 - 11:07:13: server_cvar: "wm_lock_teams" "1"
L 05/01/2020 - 11:07:13: server_cvar: "wm_auto_swap" "1"
L 05/01/2020 - 11:07:13: server_cvar: "wm_auto_record" "1"
L 05/01/2020 - 11:07:13: server_cvar: "wm_auto_kick_team" "0"
L 05/01/2020 - 11:07:13: server_cvar: "wm_auto_kick_delay" "10"
L 05/01/2020 - 11:07:13: server_cvar: "wm_warmup_respawn" "0"
L 05/01/2020 - 11:07:13: server_cvar: "wm_damage" "1"
L 05/01/2020 - 11:07:13: server_cvar: "wm_bomb_frags" "0"
L 05/01/2020 - 11:07:13: server_cvar: "wm_defuse_frags" "0"
L 05/01/2020 - 11:07:13: server_cvar: "wm_remove_deathcam" "1"
L 05/01/2020 - 11:07:13: server_cvar: "wm_remove_deathcam_delay" "1"
L 05/01/2020 - 11:07:13: server_cvar: "wm_remove_help_hints" "1"
L 05/01/2020 - 11:07:13: server_cvar: "wm_remove_grenade_sound" "0"
L 05/01/2020 - 11:07:13: server_cvar: "wm_remove_ragdoll" "1"
L 05/01/2020 - 11:07:13: server_cvar: "wm_remove_ragdoll_delay" "2"
L 05/01/2020 - 11:07:13: server_cvar: "wm_block_nightvision" "1"
L 05/01/2020 - 11:07:13: server_cvar: "wm_block_warm_up_grenades" "1"
L 05/01/2020 - 11:07:13: server_cvar: "wm_modifiers" "1"
L 05/01/2020 - 11:07:13: server_cvar: "wm_show_info" "1"
L 05/01/2020 - 11:07:13: server_cvar: "wm_require_names" "0"
L 05/01/2020 - 11:07:13: server_cvar: "wm_auto_ready" "1"
L 05/01/2020 - 11:07:13: server_cvar: "wm_half_auto_ready" "1"
L 05/01/2020 - 11:07:13: server_cvar: "mp_footsteps" "1"
L 05/01/2020 - 11:07:13: server_cvar: "mp_fraglimit" "0"
L 05/01/2020 - 11:07:13: server_cvar: "mp_maxrounds" "0"
L 05/01/2020 - 11:07:13: server_cvar: "mp_freezetime" "10"
L 05/01/2020 - 11:07:13: server_cvar: "mp_fadetoblack" "0"
L 05/01/2020 - 11:07:13: server_cvar: "mp_buytime" "0.25"
L 05/01/2020 - 11:07:13: server_cvar: "mp_startmoney" "800"
L 05/01/2020 - 11:07:13: server_cvar: "mp_friendlyfire" "1"
L 05/01/2020 - 11:07:13: server_cvar: "mp_autoteambalance" "0"
L 05/01/2020 - 11:07:13: server_cvar: "mp_hostagepenalty" "0"
L 05/01/2020 - 11:07:13: server_cvar: "mp_roundtime" "1.75"
L 05/01/2020 - 11:07:13: server_cvar: "mp_forcerespawn" "1"
L 05/01/2020 - 11:07:13: server_cvar: "mp_forcecamera" "1"
L 05/01/2020 - 11:07:13: server_cvar: "mp_falldamage" "1"
L 05/01/2020 - 11:07:13: server_cvar: "mp_flashlight" "0"
L 05/01/2020 - 11:07:13: server_cvar: "mp_limitteams" "0"
L 05/01/2020 - 11:07:13: server_cvar: "mp_timelimit" "0"
L 05/01/2020 - 11:07:13: server_cvar: "mp_playerid" "1"
L 05/01/2020 - 11:07:13: server_cvar: "mp_c4timer" "35"
L 05/01/2020 - 11:07:13: server_cvar: "sv_alltalk" "0"
L 05/01/2020 - 11:07:13: server_cvar: "sv_pausable" "0"
L 05/01/2020 - 11:07:13: server_cvar: "sv_cheats" "0"
L 05/01/2020 - 11:07:13: server_cvar: "sv_consistency" "1"
L 05/01/2020 - 11:07:13: server_cvar: "sv_voiceenable" "1"
L 05/01/2020 - 11:07:13: server_cvar: "sv_footsteps" "1"
L 05/01/2020 - 11:07:13: server_cvar: "sv_gravity" "800"
L 05/01/2020 - 11:07:13: server_cvar: "sv_friction" "4"
L 05/01/2020 - 11:07:13: server_cvar: "sv_accelerate" "5"
L 05/01/2020 - 11:07:13: server_cvar: "sv_airaccelerate" "10"
L 05/01/2020 - 11:07:13: server_cvar: "sv_stopspeed" "75"
L 05/01/2020 - 11:07:13: server_cvar: "sv_stepsize" "18"
L 05/01/2020 - 11:07:13: server_cvar: "sv_maxspeed" "320"
L 05/01/2020 - 11:07:13: server_cvar: "mp_allowspectators" "1"
L 05/01/2020 - 11:07:13: server_cvar: "sv_specaccelerate" "5"
L 05/01/2020 - 11:07:13: server_cvar: "sv_specnoclip" "1"
L 05/01/2020 - 11:07:13: server_cvar: "sv_specspeed" "3"
L 05/01/2020 - 11:07:13: server_cvar: "mp_roundtime" "1"
L 05/01/2020 - 11:07:13: server_cvar: "mp_startmoney" "16000"
L 05/01/2020 - 11:07:13: server_cvar: "mp_buytime" "1"
L 05/01/2020 - 11:07:13: server_cvar: "mp_freezetime" "3"
L 05/01/2020 - 11:07:14: World triggered "Round_Start"
L 05/01/2020 - 11:07:14: WarMod triggered "round_freeze_end"
L 05/01/2020 - 11:07:14: WarMod triggered "round_start" (freezetime "3")
L 05/01/2020 - 11:07:23: "x777xx<2><STEAM_ID_PENDING><>" connected, address "77.34.83.179:27005"
L 05/01/2020 - 11:07:23: L 05/01/2020 - 11:07:23: eSTEAMATiON STATS Info: <ID STEAM_0:0:1707600965><IP 77.34.83.179> <EMU REVEMU_4TH_GEN> STATUS:ACCEPTED
L 05/01/2020 - 11:07:23: L 05/01/2020 - 11:07:23: eSTEAMATiON assigned STEAM_0:0:1707600965 ID to this client
L 05/01/2020 - 11:07:24: "x777xx<2><STEAM_0:0:1707600965><>" STEAM USERID validated
L 05/01/2020 - 11:07:25: "x777xx<2><STEAM_0:0:1707600965><>" entered the game
L 05/01/2020 - 11:07:26: "x777xx<2><STEAM_0:0:1707600965><Unassigned>" joined team "CT"
L 05/01/2020 - 11:07:26: WarMod triggered "player_team" (player "x777xx<2><STEAM_0:0:1707600965><>") (oldteam "0") (newteam "3")
L 05/01/2020 - 11:07:26: WarMod triggered "item_pickup" (player "x777xx<2><STEAM_0:0:1707600965><CT><448.00><2464.00><-24.00><0.00><255.00><0.00><0.00><0.00><0.00><100><0><0>") (item "knife")
L 05/01/2020 - 11:07:26: WarMod triggered "item_pickup" (player "x777xx<2><STEAM_0:0:1707600965><CT><448.00><2464.00><-24.00><0.00><255.00><0.00><0.00><0.00><0.00><100><0><0>") (item "usp")
L 05/01/2020 - 11:07:26: World triggered "Round_Start"
L 05/01/2020 - 11:07:26: WarMod triggered "round_freeze_end"
L 05/01/2020 - 11:07:34: "x777xx<2><STEAM_0:0:1707600965><CT>" say "!admin"
L 05/01/2020 - 11:07:37: "x777xx<2><STEAM_0:0:1707600965><CT>" disconnected (reason "Disconnect by user.")
L 05/01/2020 - 11:07:37: WarMod triggered "player_disconnect" (player "x777xx<2><STEAM_0:0:1707600965><CT>") (reason "Disconnect by user.")
L 05/01/2020 - 11:07:37: WarMod triggered "round_stats" (player "x777xx<2><STEAM_0:0:1707600965><CT>") (shots "0") (hits "0") (kills "0") (headshots "0") (tks "0") (damage "0") (deaths "0") (head "0") (chest "0") (stomach "0") (leftarm "0") (rightarm "0") (leftleg "0") (rightleg "0") (generic "0")
L 05/01/2020 - 11:07:37: WarMod triggered "player_team" (player "x777xx<2><STEAM_0:0:1707600965><CT>") (oldteam "3") (newteam "0")
L 05/01/2020 - 11:07:37: World triggered "Round_Draw" (CT "0") (T "0")
L 05/01/2020 - 11:07:37: Team "CT" scored "0" with "0" players
L 05/01/2020 - 11:07:37: Team "TERRORIST" scored "0" with "0" players
L 05/01/2020 - 11:07:37: World triggered "Round_End"
L 05/01/2020 - 11:07:37: WarMod triggered "round_end" (winner "1") (reason "10")
L 05/01/2020 - 11:07:42: WarMod triggered "round_start" (freezetime "3")
L 05/01/2020 - 11:07:45: World triggered "Round_Start"
L 05/01/2020 - 11:07:45: WarMod triggered "round_freeze_end"
L 05/01/2020 - 11:08:05: "x777xx<3><STEAM_ID_PENDING><>" connected, address "77.34.83.179:27005"
L 05/01/2020 - 11:08:05: L 05/01/2020 - 11:08:05: eSTEAMATiON STATS Info: <ID STEAM_0:0:1707600965><IP 77.34.83.179> <EMU REVEMU_4TH_GEN> STATUS:ACCEPTED
L 05/01/2020 - 11:08:05: L 05/01/2020 - 11:08:05: eSTEAMATiON assigned STEAM_0:0:1707600965 ID to this client
L 05/01/2020 - 11:08:05: "x777xx<3><STEAM_0:0:1707600965><>" STEAM USERID validated
L 05/01/2020 - 11:08:07: "x777xx<3><STEAM_0:0:1707600965><>" entered the game
L 05/01/2020 - 11:08:08: "x777xx<3><STEAM_0:0:1707600965><Unassigned>" joined team "TERRORIST"
L 05/01/2020 - 11:08:08: WarMod triggered "player_team" (player "x777xx<3><STEAM_0:0:1707600965><>") (oldteam "0") (newteam "2")
L 05/01/2020 - 11:08:08: WarMod triggered "item_pickup" (player "x777xx<3><STEAM_0:0:1707600965><TERRORIST><-832.00><-760.00><240.00><0.00><159.00><0.00><0.00><0.00><0.00><100><0><0>") (item "knife")
L 05/01/2020 - 11:08:08: WarMod triggered "item_pickup" (player "x777xx<3><STEAM_0:0:1707600965><TERRORIST><-832.00><-760.00><240.00><0.00><159.00><0.00><0.00><0.00><0.00><100><0><0>") (item "glock")
L 05/01/2020 - 11:08:08: WarMod triggered "item_pickup" (player "x777xx<3><STEAM_0:0:1707600965><TERRORIST><-832.00><-760.00><240.00><0.00><159.00><0.00><0.00><0.00><0.00><100><0><0>") (item "c4")
L 05/01/2020 - 11:08:08: "x777xx<3><STEAM_0:0:1707600965><TERRORIST>" triggered "Got_The_Bomb"
L 05/01/2020 - 11:08:08: WarMod triggered "bomb_pickup" (player "x777xx<3><STEAM_0:0:1707600965><TERRORIST><-832.00><-760.00><240.00><0.00><159.00><0.00><0.00><0.00><0.00><100><0><0>")
L 05/01/2020 - 11:08:15: rcon from "77.34.83.179:60100": command "sm plugins"
L 05/01/2020 - 11:08:22: rcon from "77.34.83.179:60100": command "sm plugins reload warmod.smx"
L 05/01/2020 - 11:08:31: "x777xx<3><STEAM_0:0:1707600965><TERRORIST>" disconnected (reason "Disconnect by user.")
L 05/01/2020 - 11:08:31: "x777xx<3><STEAM_0:0:1707600965><TERRORIST>" triggered "Dropped_The_Bomb"
L 05/01/2020 - 11:08:31: World triggered "Round_Draw" (CT "0") (T "0")
L 05/01/2020 - 11:08:31: Team "CT" scored "0" with "0" players
L 05/01/2020 - 11:08:31: Team "TERRORIST" scored "0" with "0" players
L 05/01/2020 - 11:08:31: World triggered "Round_End"
L 05/01/2020 - 11:08:32: "x777xx<4><STEAM_ID_PENDING><>" connected, address "77.34.83.179:27005"
L 05/01/2020 - 11:08:32: L 05/01/2020 - 11:08:32: eSTEAMATiON STATS Info: <ID STEAM_0:0:1707600965><IP 77.34.83.179> <EMU REVEMU_4TH_GEN> STATUS:ACCEPTED
L 05/01/2020 - 11:08:32: L 05/01/2020 - 11:08:32: eSTEAMATiON assigned STEAM_0:0:1707600965 ID to this client
L 05/01/2020 - 11:08:32: "x777xx<4><STEAM_0:0:1707600965><>" STEAM USERID validated
L 05/01/2020 - 11:08:34: "x777xx<4><STEAM_0:0:1707600965><>" entered the game
L 05/01/2020 - 11:08:35: "x777xx<4><STEAM_0:0:1707600965><Unassigned>" joined team "TERRORIST"
L 05/01/2020 - 11:08:36: "x777xx<4><STEAM_0:0:1707600965><TERRORIST>" triggered "Got_The_Bomb"
L 05/01/2020 - 11:08:39: World triggered "Round_Start"
L 05/01/2020 - 11:08:57: "x777xx<4><STEAM_0:0:1707600965><TERRORIST>" disconnected (reason "Disconnect by user.")
L 05/01/2020 - 11:08:57: "x777xx<4><STEAM_0:0:1707600965><TERRORIST>" triggered "Dropped_The_Bomb"
L 05/01/2020 - 11:08:57: World triggered "Round_Draw" (CT "0") (T "0")
L 05/01/2020 - 11:08:57: Team "CT" scored "0" with "0" players
L 05/01/2020 - 11:08:57: Team "TERRORIST" scored "0" with "0" players
L 05/01/2020 - 11:08:57: World triggered "Round_End"
L 05/01/2020 - 11:09:05: World triggered "Round_Start"
L 05/01/2020 - 11:09:15: [META] Loaded 0 plugins (2 already loaded)
L 05/01/2020 - 11:09:15: server_message: "quit"
L 05/01/2020 - 11:09:15: Log file closed
