L 05/01/2020 - 11:05:36: Log file started (file "logs/L0501001.log") (game "/host/68019/43811/cstrike") (version "4100")
L 05/01/2020 - 11:05:36: server_cvar: "sv_contact" "www.27region.com"
L 05/01/2020 - 11:05:36: server_cvar: "mp_roundtime" "3.5"
L 05/01/2020 - 11:05:36: server_cvar: "mp_timelimit" "30"
L 05/01/2020 - 11:05:36: server_cvar: "mp_fraglimit" "0"
L 05/01/2020 - 11:05:36: server_cvar: "mp_maxrounds" "0"
L 05/01/2020 - 11:05:36: server_cvar: "mp_limitteams" "1"
L 05/01/2020 - 11:05:36: server_cvar: "mp_autocrosshair" "0"
L 05/01/2020 - 11:05:36: server_cvar: "mp_c4timer" "40"
L 05/01/2020 - 11:05:36: server_cvar: "mp_freezetime" "1"
L 05/01/2020 - 11:05:36: server_cvar: "mp_footsteps" "1"
L 05/01/2020 - 11:05:36: server_cvar: "sv_footsteps" "1"
L 05/01/2020 - 11:05:36: server_cvar: "mp_friendlyfire" "1"
L 05/01/2020 - 11:05:36: server_cvar: "mp_falldamage" "1"
L 05/01/2020 - 11:05:36: server_cvar: "sv_password" "***PROTECTED***"
L 05/01/2020 - 11:05:36: server_cvar: "sv_alltalk" "1"
L 05/01/2020 - 11:05:36: server_cvar: "sv_cheats" "0"
L 05/01/2020 - 11:05:36: server_cvar: "sv_gravity" "800"
L 05/01/2020 - 11:05:36: server_cvar: "sv_maxspeed" "320"
L 05/01/2020 - 11:05:36: server_cvar: "sv_stepsize" "18"
L 05/01/2020 - 11:05:36: server_cvar: "sv_stopspeed" "75"
L 05/01/2020 - 11:05:36: server_cvar: "sv_airaccelerate" "10"
L 05/01/2020 - 11:05:36: server_cvar: "sv_friction" "4"
L 05/01/2020 - 11:05:36: server_cvar: "sv_pausable" "0"
L 05/01/2020 - 11:05:36: server_cvar: "sv_voiceenable" "1"
L 05/01/2020 - 11:05:36: server_cvar: "mp_autoteambalance" "1"
L 05/01/2020 - 11:05:36: server_cvar: "mp_allowNPCs" "1"
L 05/01/2020 - 11:05:36: server_cvar: "mp_footsteps" "1"
L 05/01/2020 - 11:05:36: server_cvar: "mp_flashlight" "1"
L 05/01/2020 - 11:05:36: server_cvar: "mp_hostagepenalty" "3"
L 05/01/2020 - 11:05:36: server_cvar: "mp_teamplay" "0"
L 05/01/2020 - 11:05:36: server_cvar: "mp_weaponstay" "0"
L 05/01/2020 - 11:05:36: server_cvar: "sv_specaccelerate" "5"
L 05/01/2020 - 11:05:36: server_cvar: "sv_specnoclip" "1"
L 05/01/2020 - 11:05:36: server_cvar: "sv_specspeed" "3"
L 05/01/2020 - 11:05:36: server_cvar: "decalfrequency" "10"
L 05/01/2020 - 11:05:36: World triggered "Round_Start"
L 05/01/2020 - 11:05:47: "x777xx<2><STEAM_ID_PENDING><>" connected, address "77.34.83.179:27005"
L 05/01/2020 - 11:05:47: L 05/01/2020 - 11:05:47: eSTEAMATiON STATS Info: <ID STEAM_0:0:1707600965><IP 77.34.83.179> <EMU REVEMU_4TH_GEN> STATUS:ACCEPTED
L 05/01/2020 - 11:05:47: L 05/01/2020 - 11:05:47: eSTEAMATiON assigned STEAM_0:0:1707600965 ID to this client
L 05/01/2020 - 11:05:47: "x777xx<2><STEAM_0:0:1707600965><>" STEAM USERID validated
L 05/01/2020 - 11:05:48: World triggered "Round_Start"
L 05/01/2020 - 11:05:49: "x777xx<2><STEAM_0:0:1707600965><>" entered the game
L 05/01/2020 - 11:05:50: "x777xx<2><STEAM_0:0:1707600965><Unassigned>" joined team "CT"
L 05/01/2020 - 11:06:00: "x777xx<2><STEAM_0:0:1707600965><CT>" say "!admin"
L 05/01/2020 - 11:07:03: "x777xx<2><STEAM_0:0:1707600965><>" disconnected (reason "Server shutting down")
L 05/01/2020 - 11:07:03: server_message: "quit"
L 05/01/2020 - 11:07:03: Log file closed
