L 05/01/2020 - 12:02:27: Log file started (file "logs/L0501010.log") (game "/host/68019/43811/cstrike") (version "4100")
L 05/01/2020 - 12:02:27: Loading map "de_dust2"
L 05/01/2020 - 12:02:27: server cvars start
L 05/01/2020 - 12:02:27: "wm_notify_version" = "3.1.10"
L 05/01/2020 - 12:02:27: "wm_ct_score" = "0"
L 05/01/2020 - 12:02:27: "wm_t_score" = "0"
L 05/01/2020 - 12:02:27: "wm_ct" = "Counter-Terrorists"
L 05/01/2020 - 12:02:27: "wm_t" = "Terrorists"
L 05/01/2020 - 12:02:27: "wm_upload_results" = "0"
L 05/01/2020 - 12:02:27: "wm_status" = "4"
L 05/01/2020 - 12:02:27: "wm_warmup_respawn" = "0"
L 05/01/2020 - 12:02:27: "wm_remove_deathcam_delay" = "1.400000"
L 05/01/2020 - 12:02:27: "wm_remove_deathcam" = "1"
L 05/01/2020 - 12:02:27: "wm_remove_ragdoll_delay" = "2"
L 05/01/2020 - 12:02:27: "wm_remove_ragdoll" = "1"
L 05/01/2020 - 12:02:27: "wm_remove_grenade_sound" = "0"
L 05/01/2020 - 12:02:27: "wm_remove_help_hints" = "1"
L 05/01/2020 - 12:02:27: "wm_damage" = "1"
L 05/01/2020 - 12:02:27: "wm_play_out" = "0"
L 05/01/2020 - 12:02:27: "wm_prefix_logs" = "0"
L 05/01/2020 - 12:02:27: "wm_auto_record" = "1"
L 05/01/2020 - 12:02:27: "wm_overtime_start_money" = "10000"
L 05/01/2020 - 12:02:27: "wm_overtime_max_rounds" = "3"
L 05/01/2020 - 12:02:27: "wm_overtime" = "1"
L 05/01/2020 - 12:02:27: "wm_score_mode" = "1"
L 05/01/2020 - 12:02:27: "wm_auto_kick_delay" = "10"
L 05/01/2020 - 12:02:27: "wm_auto_kick_team" = "0"
L 05/01/2020 - 12:02:27: "wm_auto_knife" = "0"
L 05/01/2020 - 12:02:27: "wm_half_auto_ready" = "1"
L 05/01/2020 - 12:02:27: "wm_auto_swap" = "1"
L 05/01/2020 - 12:02:27: "wm_auto_ready" = "1"
L 05/01/2020 - 12:02:27: "wm_live_override_knife" = "1"
L 05/01/2020 - 12:02:27: "wm_live_override" = "1"
L 05/01/2020 - 12:02:27: "wm_show_info" = "1"
L 05/01/2020 - 12:02:27: "wm_require_names" = "0"
L 05/01/2020 - 12:02:27: "wm_knife_smokegrenade" = "0"
L 05/01/2020 - 12:02:27: "wm_knife_flashbang" = "0"
L 05/01/2020 - 12:02:27: "wm_knife_hegrenade" = "0"
L 05/01/2020 - 12:02:27: "wm_block_warm_up_grenades" = "1"
L 05/01/2020 - 12:02:27: "wm_max_rounds" = "15"
L 05/01/2020 - 12:02:27: "wm_ingame_scores" = "1"
L 05/01/2020 - 12:02:27: "wm_defuse_frags" = "0"
L 05/01/2020 - 12:02:27: "wm_bomb_frags" = "0"
L 05/01/2020 - 12:02:27: "wm_block_nightvision" = "1"
L 05/01/2020 - 12:02:27: "wm_round_money" = "1"
L 05/01/2020 - 12:02:27: "wm_max_players" = "10"
L 05/01/2020 - 12:02:27: "wm_min_ready" = "10"
L 05/01/2020 - 12:02:27: "wm_lock_teams" = "1"
L 05/01/2020 - 12:02:27: "wm_stats_trace_delay" = "5"
L 05/01/2020 - 12:02:27: "wm_stats_trace" = "0"
L 05/01/2020 - 12:02:27: "wm_stats_method" = "2"
L 05/01/2020 - 12:02:27: "wm_stats_enabled" = "1"
L 05/01/2020 - 12:02:27: "wm_active" = "1"
L 05/01/2020 - 12:02:27: "stripper_version" = "1.2.2"
L 05/01/2020 - 12:02:27: "sourcemod_version" = "1.9.0.6224"
L 05/01/2020 - 12:02:27: "sm_nextmap" = "de_dust2"
L 05/01/2020 - 12:02:27: "metamod_version" = "1.10.0V"
L 05/01/2020 - 12:02:27: "zb_version" = "4.4"
L 05/01/2020 - 12:02:27: "zb_status" = "7"
L 05/01/2020 - 12:02:27: "mp_hostagepenalty" = "0"
L 05/01/2020 - 12:02:27: "mp_buytime" = "1"
L 05/01/2020 - 12:02:27: "mp_playerid" = "1"
L 05/01/2020 - 12:02:27: "mp_fadetoblack" = "0"
L 05/01/2020 - 12:02:27: "nextlevel" = ""
L 05/01/2020 - 12:02:27: "mp_autoteambalance" = "0"
L 05/01/2020 - 12:02:27: "mp_maxrounds" = "0"
L 05/01/2020 - 12:02:27: "mp_startmoney" = "16000"
L 05/01/2020 - 12:02:27: "mp_roundtime" = "1"
L 05/01/2020 - 12:02:27: "mp_freezetime" = "3"
L 05/01/2020 - 12:02:27: "mp_c4timer" = "35"
L 05/01/2020 - 12:02:27: "mp_limitteams" = "0"
L 05/01/2020 - 12:02:27: "sv_alltalk" = "0"
L 05/01/2020 - 12:02:27: "mp_timelimit" = "0"
L 05/01/2020 - 12:02:27: "sv_gravity" = "800"
L 05/01/2020 - 12:02:27: "sv_stopspeed" = "75"
L 05/01/2020 - 12:02:27: "sv_noclipaccelerate" = "5"
L 05/01/2020 - 12:02:27: "sv_noclipspeed" = "5"
L 05/01/2020 - 12:02:27: "sv_specaccelerate" = "5"
L 05/01/2020 - 12:02:27: "sv_specspeed" = "3"
L 05/01/2020 - 12:02:27: "sv_specnoclip" = "1"
L 05/01/2020 - 12:02:27: "sv_maxspeed" = "320"
L 05/01/2020 - 12:02:27: "sv_accelerate" = "5"
L 05/01/2020 - 12:02:27: "sv_airaccelerate" = "10"
L 05/01/2020 - 12:02:27: "sv_wateraccelerate" = "10"
L 05/01/2020 - 12:02:27: "sv_waterfriction" = "1"
L 05/01/2020 - 12:02:27: "sv_footsteps" = "1"
L 05/01/2020 - 12:02:27: "sv_rollspeed" = "200"
L 05/01/2020 - 12:02:27: "sv_rollangle" = "0"
L 05/01/2020 - 12:02:27: "sv_friction" = "4"
L 05/01/2020 - 12:02:27: "sv_bounce" = "0"
L 05/01/2020 - 12:02:27: "sv_stepsize" = "18"
L 05/01/2020 - 12:02:27: "mp_forcecamera" = "1"
L 05/01/2020 - 12:02:27: "mp_allowspectators" = "1"
L 05/01/2020 - 12:02:27: "mp_friendlyfire" = "1"
L 05/01/2020 - 12:02:27: "sv_unlag" = "1"
L 05/01/2020 - 12:02:27: "sv_maxunlag" = "1.0"
L 05/01/2020 - 12:02:27: "tv_delay" = "90"
L 05/01/2020 - 12:02:27: "mp_teamplay" = "0"
L 05/01/2020 - 12:02:27: "mp_fraglimit" = "0"
L 05/01/2020 - 12:02:27: "mp_falldamage" = "1"
L 05/01/2020 - 12:02:27: "mp_weaponstay" = "0"
L 05/01/2020 - 12:02:27: "mp_forcerespawn" = "1"
L 05/01/2020 - 12:02:27: "mp_footsteps" = "1"
L 05/01/2020 - 12:02:27: "mp_flashlight" = "0"
L 05/01/2020 - 12:02:27: "mp_autocrosshair" = "1"
L 05/01/2020 - 12:02:27: "decalfrequency" = "10"
L 05/01/2020 - 12:02:27: "mp_allowNPCs" = "1"
L 05/01/2020 - 12:02:27: "sv_cheats" = "0"
L 05/01/2020 - 12:02:27: "sv_pausable" = "0"
L 05/01/2020 - 12:02:27: "sv_contact" = "www.forum.sourcetm.com"
L 05/01/2020 - 12:02:27: "sv_voiceenable" = "1"
L 05/01/2020 - 12:02:27: "sv_consistency" = "1"
L 05/01/2020 - 12:02:27: "sv_mincmdrate" = "66"
L 05/01/2020 - 12:02:27: "sv_maxcmdrate" = "100"
L 05/01/2020 - 12:02:27: "sv_maxrate" = "35000"
L 05/01/2020 - 12:02:27: "sv_minrate" = "25000"
L 05/01/2020 - 12:02:27: "sv_maxupdaterate" = "100"
L 05/01/2020 - 12:02:27: "sv_minupdaterate" = "66"
L 05/01/2020 - 12:02:27: "host_framerate" = "0"
L 05/01/2020 - 12:02:27: "tv_password" = ""
L 05/01/2020 - 12:02:27: "tv_relaypassword" = ""
L 05/01/2020 - 12:02:27: "sv_password" = ""
L 05/01/2020 - 12:02:27: server cvars end
L 05/01/2020 - 12:02:27: Started map "de_dust2" (CRC "1413637712")
L 05/01/2020 - 12:02:29: server_cvar: "sv_accelerate" "5"
L 05/01/2020 - 12:02:29: server_cvar: "sv_stopspeed" "75"
L 05/01/2020 - 12:02:29: <WarMod> {"event": "unready_all"}
L 05/01/2020 - 12:02:29: <WarMod> {"event": "ready_system", "enabled": true}
L 05/01/2020 - 12:02:29: server_cvar: "wm_prefix_logs" "0"
L 05/01/2020 - 12:02:29: server_cvar: "wm_stats_enabled" "1"
L 05/01/2020 - 12:02:29: server_cvar: "wm_stats_method" "2"
L 05/01/2020 - 12:02:29: server_cvar: "wm_stats_trace" "0"
L 05/01/2020 - 12:02:29: server_cvar: "wm_stats_trace_delay" "5"
L 05/01/2020 - 12:02:29: server_cvar: "wm_upload_results" "0"
L 05/01/2020 - 12:02:29: server_cvar: "wm_t" "Terrorists"
L 05/01/2020 - 12:02:29: server_cvar: "wm_ct" "Counter-Terrorists"
L 05/01/2020 - 12:02:29: server_cvar: "sv_minrate" "25000"
L 05/01/2020 - 12:02:29: server_cvar: "sv_maxrate" "35000"
L 05/01/2020 - 12:02:29: server_cvar: "sv_minupdaterate" "66"
L 05/01/2020 - 12:02:29: server_cvar: "sv_maxupdaterate" "100"
L 05/01/2020 - 12:02:29: server_cvar: "sv_mincmdrate" "66"
L 05/01/2020 - 12:02:29: server_cvar: "sv_maxcmdrate" "100"
L 05/01/2020 - 12:02:29: server_cvar: "wm_active" "1"
L 05/01/2020 - 12:02:29: server_cvar: "wm_max_players" "10"
L 05/01/2020 - 12:02:29: server_cvar: "wm_play_out" "0"
L 05/01/2020 - 12:02:29: server_cvar: "wm_auto_knife" "0"
L 05/01/2020 - 12:02:29: server_cvar: "wm_round_money" "1"
L 05/01/2020 - 12:02:29: server_cvar: "wm_min_ready" "10"
L 05/01/2020 - 12:02:29: server_cvar: "wm_ingame_scores" "1"
L 05/01/2020 - 12:02:29: server_cvar: "wm_knife_hegrenade" "0"
L 05/01/2020 - 12:02:29: server_cvar: "wm_knife_flashbang" "0"
L 05/01/2020 - 12:02:29: server_cvar: "wm_knife_smokegrenade" "0"
L 05/01/2020 - 12:02:29: server_cvar: "wm_lock_teams" "1"
L 05/01/2020 - 12:02:29: server_cvar: "wm_auto_swap" "1"
L 05/01/2020 - 12:02:29: server_cvar: "wm_auto_record" "1"
L 05/01/2020 - 12:02:29: server_cvar: "wm_auto_kick_team" "0"
L 05/01/2020 - 12:02:29: server_cvar: "wm_auto_kick_delay" "10"
L 05/01/2020 - 12:02:29: server_cvar: "wm_warmup_respawn" "0"
L 05/01/2020 - 12:02:29: server_cvar: "wm_damage" "1"
L 05/01/2020 - 12:02:29: server_cvar: "wm_bomb_frags" "0"
L 05/01/2020 - 12:02:29: server_cvar: "wm_defuse_frags" "0"
L 05/01/2020 - 12:02:29: server_cvar: "wm_remove_deathcam" "1"
L 05/01/2020 - 12:02:29: server_cvar: "wm_remove_deathcam_delay" "1"
L 05/01/2020 - 12:02:29: server_cvar: "wm_remove_help_hints" "1"
L 05/01/2020 - 12:02:29: server_cvar: "wm_remove_grenade_sound" "0"
L 05/01/2020 - 12:02:29: server_cvar: "wm_remove_ragdoll" "1"
L 05/01/2020 - 12:02:29: server_cvar: "wm_remove_ragdoll_delay" "2"
L 05/01/2020 - 12:02:29: server_cvar: "wm_block_nightvision" "1"
L 05/01/2020 - 12:02:29: server_cvar: "wm_block_warm_up_grenades" "1"
L 05/01/2020 - 12:02:29: server_cvar: "wm_show_info" "1"
L 05/01/2020 - 12:02:29: server_cvar: "wm_require_names" "0"
L 05/01/2020 - 12:02:29: server_cvar: "wm_auto_ready" "1"
L 05/01/2020 - 12:02:29: server_cvar: "wm_half_auto_ready" "1"
L 05/01/2020 - 12:02:29: server_cvar: "mp_footsteps" "1"
L 05/01/2020 - 12:02:29: server_cvar: "mp_fraglimit" "0"
L 05/01/2020 - 12:02:29: server_cvar: "mp_maxrounds" "0"
L 05/01/2020 - 12:02:29: server_cvar: "mp_freezetime" "10"
L 05/01/2020 - 12:02:29: server_cvar: "mp_fadetoblack" "0"
L 05/01/2020 - 12:02:29: server_cvar: "mp_buytime" "0.25"
L 05/01/2020 - 12:02:29: server_cvar: "mp_startmoney" "800"
L 05/01/2020 - 12:02:29: server_cvar: "mp_friendlyfire" "1"
L 05/01/2020 - 12:02:29: server_cvar: "mp_autoteambalance" "0"
L 05/01/2020 - 12:02:29: server_cvar: "mp_hostagepenalty" "0"
L 05/01/2020 - 12:02:29: server_cvar: "mp_roundtime" "1.75"
L 05/01/2020 - 12:02:29: server_cvar: "mp_forcerespawn" "1"
L 05/01/2020 - 12:02:29: server_cvar: "mp_forcecamera" "1"
L 05/01/2020 - 12:02:29: server_cvar: "mp_falldamage" "1"
L 05/01/2020 - 12:02:29: server_cvar: "mp_flashlight" "0"
L 05/01/2020 - 12:02:29: server_cvar: "mp_limitteams" "0"
L 05/01/2020 - 12:02:29: server_cvar: "mp_timelimit" "0"
L 05/01/2020 - 12:02:29: server_cvar: "mp_playerid" "1"
L 05/01/2020 - 12:02:29: server_cvar: "mp_c4timer" "35"
L 05/01/2020 - 12:02:29: server_cvar: "sv_alltalk" "0"
L 05/01/2020 - 12:02:29: server_cvar: "sv_pausable" "0"
L 05/01/2020 - 12:02:29: server_cvar: "sv_cheats" "0"
L 05/01/2020 - 12:02:29: server_cvar: "sv_consistency" "1"
L 05/01/2020 - 12:02:29: server_cvar: "sv_voiceenable" "1"
L 05/01/2020 - 12:02:29: server_cvar: "sv_footsteps" "1"
L 05/01/2020 - 12:02:29: server_cvar: "sv_gravity" "800"
L 05/01/2020 - 12:02:29: server_cvar: "sv_friction" "4"
L 05/01/2020 - 12:02:29: server_cvar: "sv_accelerate" "5"
L 05/01/2020 - 12:02:29: server_cvar: "sv_airaccelerate" "10"
L 05/01/2020 - 12:02:29: server_cvar: "sv_stopspeed" "75"
L 05/01/2020 - 12:02:29: server_cvar: "sv_stepsize" "18"
L 05/01/2020 - 12:02:29: server_cvar: "sv_maxspeed" "320"
L 05/01/2020 - 12:02:29: server_cvar: "mp_allowspectators" "1"
L 05/01/2020 - 12:02:29: server_cvar: "sv_specaccelerate" "5"
L 05/01/2020 - 12:02:29: server_cvar: "sv_specnoclip" "1"
L 05/01/2020 - 12:02:29: server_cvar: "sv_specspeed" "3"
L 05/01/2020 - 12:02:29: server_cvar: "mp_roundtime" "1"
L 05/01/2020 - 12:02:29: server_cvar: "mp_startmoney" "16000"
L 05/01/2020 - 12:02:29: server_cvar: "mp_buytime" "1"
L 05/01/2020 - 12:02:29: server_cvar: "mp_freezetime" "3"
L 05/01/2020 - 12:02:29: World triggered "Round_Start"
L 05/01/2020 - 12:02:29: <WarMod> {"event": "round_freeze_end"}
L 05/01/2020 - 12:02:29: <WarMod> {"event": "round_start", "freezeTime": 3}
L 05/01/2020 - 12:02:31: "x777xx<2><STEAM_ID_PENDING><>" connected, address "77.34.83.179:27005"
L 05/01/2020 - 12:02:31: L 05/01/2020 - 12:02:31: eSTEAMATiON STATS Info: <ID STEAM_0:0:1707600965><IP 77.34.83.179> <EMU REVEMU_4TH_GEN> STATUS:ACCEPTED
L 05/01/2020 - 12:02:31: L 05/01/2020 - 12:02:31: eSTEAMATiON assigned STEAM_0:0:1707600965 ID to this client
L 05/01/2020 - 12:02:31: "x777xx<2><STEAM_0:0:1707600965><>" STEAM USERID validated
L 05/01/2020 - 12:02:33: <WarMod> {"event": "player_connect", "player": {"name": "x777xx", "userId": 2, "uniqueId": "STEAM_0:0:1707600965", "team": 0}, "address": "77.34.83.179", "country": "RU"}
L 05/01/2020 - 12:02:33: "x777xx<2><STEAM_0:0:1707600965><>" entered the game
L 05/01/2020 - 12:02:34: World triggered "Round_Start"
L 05/01/2020 - 12:02:34: <WarMod> {"event": "round_freeze_end"}
L 05/01/2020 - 12:02:35: "x777xx<2><STEAM_0:0:1707600965><Unassigned>" joined team "TERRORIST"
L 05/01/2020 - 12:02:35: <WarMod> {"event": "player_team", "player": {"name": "x777xx", "userId": 2, "uniqueId": "STEAM_0:0:1707600965", "team": 0}, "oldTeam": 0, "newTeam": 2}
L 05/01/2020 - 12:02:36: <WarMod> {"event": "item_pickup", "player": {"name": "x777xx", "userId": 2, "uniqueId": "STEAM_0:0:1707600965", "team": 2, "origin": [-832.00, -760.00, 240.00], "velocity": [0.00, 0.00, 0.00], "view": [0.00, 159.00, 0.00], "health": 100, "armor": 0, "helmet": 0}, "item": "knife"}
L 05/01/2020 - 12:02:36: <WarMod> {"event": "item_pickup", "player": {"name": "x777xx", "userId": 2, "uniqueId": "STEAM_0:0:1707600965", "team": 2, "origin": [-832.00, -760.00, 240.00], "velocity": [0.00, 0.00, 0.00], "view": [0.00, 159.00, 0.00], "health": 100, "armor": 0, "helmet": 0}, "item": "glock"}
L 05/01/2020 - 12:02:36: <WarMod> {"event": "item_pickup", "player": {"name": "x777xx", "userId": 2, "uniqueId": "STEAM_0:0:1707600965", "team": 2, "origin": [-832.00, -760.00, 240.00], "velocity": [0.00, 0.00, 0.00], "view": [0.00, 159.00, 0.00], "health": 100, "armor": 0, "helmet": 0}, "item": "c4"}
L 05/01/2020 - 12:02:36: "x777xx<2><STEAM_0:0:1707600965><TERRORIST>" triggered "Got_The_Bomb"
L 05/01/2020 - 12:02:36: <WarMod> {"event": "bomb_pickup", "player": {"name": "x777xx", "userId": 2, "uniqueId": "STEAM_0:0:1707600965", "team": 2, "origin": [-832.00, -760.00, 240.00], "velocity": [0.00, 0.00, 0.00], "view": [0.00, 159.00, 0.00], "health": 100, "armor": 0, "helmet": 0}}
L 05/01/2020 - 12:02:40: "x777xx<2><STEAM_0:0:1707600965><TERRORIST>" say "!pwd"
L 05/01/2020 - 12:02:43: "x777xx<2><STEAM_0:0:1707600965><TERRORIST>" say "!pwd 7788"
L 05/01/2020 - 12:02:43: server_cvar: "sv_password" "***PROTECTED***"
L 05/01/2020 - 12:02:45: "x777xx<2><STEAM_0:0:1707600965><TERRORIST>" say "!pwd"
L 05/01/2020 - 12:02:50: "x777xx<2><STEAM_0:0:1707600965><TERRORIST>" say "!pwd """
L 05/01/2020 - 12:02:50: server_cvar: "sv_password" "***PROTECTED***"
L 05/01/2020 - 12:02:58: <WarMod> {"event": "player_disconnect", "player": {"name": "x777xx", "userId": 2, "uniqueId": "STEAM_0:0:1707600965", "team": 2}, "reason": "Disconnect by user."}
L 05/01/2020 - 12:02:58: "x777xx<2><STEAM_0:0:1707600965><TERRORIST>" disconnected (reason "Disconnect by user.")
L 05/01/2020 - 12:02:58: <WarMod> {"event": "round_stats", "player": {"name": "x777xx", "userId": 2, "uniqueId": "STEAM_0:0:1707600965", "team": 2}, "shots": 0, "hits": 0, "kills": 0, "headshots": 0, "tks": 0, "damage": 0, "deaths": 0, "head": 0, "chest": 0, "stomach": 0, "leftArm": 0, "rightArm": 0, "leftLeg": 0, "rightLeg": 0, "generic": 0}
L 05/01/2020 - 12:02:58: "x777xx<2><STEAM_0:0:1707600965><TERRORIST>" triggered "Dropped_The_Bomb"
L 05/01/2020 - 12:02:58: <WarMod> {"event": "bomb_dropped", "player": {"name": "x777xx", "userId": 2, "uniqueId": "STEAM_0:0:1707600965", "team": 2, "origin": [130.84, -486.21, 69.56], "velocity": [0.00, 0.00, 0.00], "view": [0.00, 158.99, 0.00], "health": 100, "armor": 0, "helmet": 0}}
L 05/01/2020 - 12:02:58: <WarMod> {"event": "player_team", "player": {"name": "x777xx", "userId": 2, "uniqueId": "STEAM_0:0:1707600965", "team": 2}, "oldTeam": 2, "newTeam": 0}
L 05/01/2020 - 12:02:58: World triggered "Round_Draw" (CT "0") (T "0")
L 05/01/2020 - 12:02:58: Team "CT" scored "0" with "0" players
L 05/01/2020 - 12:02:58: Team "TERRORIST" scored "0" with "0" players
L 05/01/2020 - 12:02:58: World triggered "Round_End"
L 05/01/2020 - 12:02:58: <WarMod> {"event": "round_end", "winner": 1, "reason": 10}
L 05/01/2020 - 12:02:58: "x777xx<3><STEAM_ID_PENDING><>" connected, address "77.34.83.179:27005"
L 05/01/2020 - 12:02:58: L 05/01/2020 - 12:02:58: eSTEAMATiON STATS Info: <ID STEAM_0:0:1707600965><IP 77.34.83.179> <EMU REVEMU_4TH_GEN> STATUS:ACCEPTED
L 05/01/2020 - 12:02:58: L 05/01/2020 - 12:02:58: eSTEAMATiON assigned STEAM_0:0:1707600965 ID to this client
L 05/01/2020 - 12:02:58: "x777xx<3><STEAM_0:0:1707600965><>" STEAM USERID validated
L 05/01/2020 - 12:03:00: <WarMod> {"event": "player_disconnect", "player": null, "reason": "Disconnect by user."}
L 05/01/2020 - 12:03:00: "x777xx<3><STEAM_0:0:1707600965><>" disconnected (reason "Disconnect by user.")
L 05/01/2020 - 12:03:03: <WarMod> {"event": "round_start", "freezeTime": 3}
L 05/01/2020 - 12:03:04: "x777xx<4><STEAM_ID_PENDING><>" connected, address "77.34.83.179:27005"
L 05/01/2020 - 12:03:04: L 05/01/2020 - 12:03:04: eSTEAMATiON STATS Info: <ID STEAM_0:0:1707600965><IP 77.34.83.179> <EMU REVEMU_4TH_GEN> STATUS:ACCEPTED
L 05/01/2020 - 12:03:04: L 05/01/2020 - 12:03:04: eSTEAMATiON assigned STEAM_0:0:1707600965 ID to this client
L 05/01/2020 - 12:03:05: "x777xx<4><STEAM_0:0:1707600965><>" STEAM USERID validated
L 05/01/2020 - 12:03:06: World triggered "Round_Start"
L 05/01/2020 - 12:03:06: <WarMod> {"event": "round_freeze_end"}
L 05/01/2020 - 12:03:06: <WarMod> {"event": "player_connect", "player": {"name": "x777xx", "userId": 4, "uniqueId": "STEAM_0:0:1707600965", "team": 0}, "address": "77.34.83.179", "country": "RU"}
L 05/01/2020 - 12:03:06: "x777xx<4><STEAM_0:0:1707600965><>" entered the game
L 05/01/2020 - 12:03:07: "x777xx<4><STEAM_0:0:1707600965><Unassigned>" joined team "CT"
L 05/01/2020 - 12:03:07: <WarMod> {"event": "player_team", "player": {"name": "x777xx", "userId": 4, "uniqueId": "STEAM_0:0:1707600965", "team": 0}, "oldTeam": 0, "newTeam": 3}
L 05/01/2020 - 12:03:08: <WarMod> {"event": "item_pickup", "player": {"name": "x777xx", "userId": 4, "uniqueId": "STEAM_0:0:1707600965", "team": 3, "origin": [448.00, 2464.00, -24.00], "velocity": [0.00, 0.00, 0.00], "view": [0.00, 255.00, 0.00], "health": 100, "armor": 0, "helmet": 0}, "item": "knife"}
L 05/01/2020 - 12:03:08: <WarMod> {"event": "item_pickup", "player": {"name": "x777xx", "userId": 4, "uniqueId": "STEAM_0:0:1707600965", "team": 3, "origin": [448.00, 2464.00, -24.00], "velocity": [0.00, 0.00, 0.00], "view": [0.00, 255.00, 0.00], "health": 100, "armor": 0, "helmet": 0}, "item": "usp"}
L 05/01/2020 - 12:03:11: "x777xx<4><STEAM_0:0:1707600965><CT>" say "@11"
L 05/01/2020 - 12:03:11: <WarMod> {"event": "player_say", "player": {"name": "x777xx", "userId": 4, "uniqueId": "STEAM_0:0:1707600965", "team": 3}, "message": "@11", "teamOnly": 0}
L 05/01/2020 - 12:03:12: "x777xx<4><STEAM_0:0:1707600965><CT>" say "@13"
L 05/01/2020 - 12:03:12: <WarMod> {"event": "player_say", "player": {"name": "x777xx", "userId": 4, "uniqueId": "STEAM_0:0:1707600965", "team": 3}, "message": "@13", "teamOnly": 0}
L 05/01/2020 - 12:03:32: <WarMod> {"event": "player_disconnect", "player": {"name": "x777xx", "userId": 4, "uniqueId": "STEAM_0:0:1707600965", "team": 3}, "reason": "Disconnect by user."}
L 05/01/2020 - 12:03:32: "x777xx<4><STEAM_0:0:1707600965><CT>" disconnected (reason "Disconnect by user.")
L 05/01/2020 - 12:03:32: <WarMod> {"event": "round_stats", "player": {"name": "x777xx", "userId": 4, "uniqueId": "STEAM_0:0:1707600965", "team": 3}, "shots": 0, "hits": 0, "kills": 0, "headshots": 0, "tks": 0, "damage": 0, "deaths": 0, "head": 0, "chest": 0, "stomach": 0, "leftArm": 0, "rightArm": 0, "leftLeg": 0, "rightLeg": 0, "generic": 0}
L 05/01/2020 - 12:03:32: <WarMod> {"event": "player_team", "player": {"name": "x777xx", "userId": 4, "uniqueId": "STEAM_0:0:1707600965", "team": 3}, "oldTeam": 3, "newTeam": 0}
L 05/01/2020 - 12:03:32: World triggered "Round_Draw" (CT "0") (T "0")
L 05/01/2020 - 12:03:32: Team "CT" scored "0" with "0" players
L 05/01/2020 - 12:03:32: Team "TERRORIST" scored "0" with "0" players
L 05/01/2020 - 12:03:32: World triggered "Round_End"
L 05/01/2020 - 12:03:32: <WarMod> {"event": "round_end", "winner": 1, "reason": 10}
L 05/01/2020 - 12:03:37: <WarMod> {"event": "round_start", "freezeTime": 3}
L 05/01/2020 - 12:03:38: "x777xx<5><STEAM_ID_PENDING><>" connected, address "77.34.83.179:27005"
L 05/01/2020 - 12:03:38: L 05/01/2020 - 12:03:38: eSTEAMATiON STATS Info: <ID STEAM_0:0:1707600965><IP 77.34.83.179> <EMU REVEMU_4TH_GEN> STATUS:ACCEPTED
L 05/01/2020 - 12:03:38: L 05/01/2020 - 12:03:38: eSTEAMATiON assigned STEAM_0:0:1707600965 ID to this client
L 05/01/2020 - 12:03:38: "x777xx<5><STEAM_0:0:1707600965><>" STEAM USERID validated
L 05/01/2020 - 12:03:40: World triggered "Round_Start"
L 05/01/2020 - 12:03:40: <WarMod> {"event": "round_freeze_end"}
L 05/01/2020 - 12:03:40: <WarMod> {"event": "player_connect", "player": {"name": "x777xx", "userId": 5, "uniqueId": "STEAM_0:0:1707600965", "team": 0}, "address": "77.34.83.179", "country": "RU"}
L 05/01/2020 - 12:03:40: "x777xx<5><STEAM_0:0:1707600965><>" entered the game
L 05/01/2020 - 12:03:40: "x777xx<5><STEAM_0:0:1707600965><Unassigned>" joined team "TERRORIST"
L 05/01/2020 - 12:03:40: <WarMod> {"event": "player_team", "player": {"name": "x777xx", "userId": 5, "uniqueId": "STEAM_0:0:1707600965", "team": 0}, "oldTeam": 0, "newTeam": 2}
L 05/01/2020 - 12:03:41: <WarMod> {"event": "item_pickup", "player": {"name": "x777xx", "userId": 5, "uniqueId": "STEAM_0:0:1707600965", "team": 2, "origin": [-832.00, -856.00, 240.00], "velocity": [0.00, 0.00, 0.00], "view": [0.00, 10.00, 0.00], "health": 100, "armor": 0, "helmet": 0}, "item": "knife"}
L 05/01/2020 - 12:03:41: <WarMod> {"event": "item_pickup", "player": {"name": "x777xx", "userId": 5, "uniqueId": "STEAM_0:0:1707600965", "team": 2, "origin": [-832.00, -856.00, 240.00], "velocity": [0.00, 0.00, 0.00], "view": [0.00, 10.00, 0.00], "health": 100, "armor": 0, "helmet": 0}, "item": "glock"}
L 05/01/2020 - 12:03:41: <WarMod> {"event": "item_pickup", "player": {"name": "x777xx", "userId": 5, "uniqueId": "STEAM_0:0:1707600965", "team": 2, "origin": [-832.00, -856.00, 240.00], "velocity": [0.00, 0.00, 0.00], "view": [0.00, 10.00, 0.00], "health": 100, "armor": 0, "helmet": 0}, "item": "c4"}
L 05/01/2020 - 12:03:41: "x777xx<5><STEAM_0:0:1707600965><TERRORIST>" triggered "Got_The_Bomb"
L 05/01/2020 - 12:03:41: <WarMod> {"event": "bomb_pickup", "player": {"name": "x777xx", "userId": 5, "uniqueId": "STEAM_0:0:1707600965", "team": 2, "origin": [-832.00, -856.00, 240.00], "velocity": [0.00, 0.00, 0.00], "view": [0.00, 10.00, 0.00], "health": 100, "armor": 0, "helmet": 0}}
L 05/01/2020 - 12:03:52: <WarMod> {"event": "player_disconnect", "player": {"name": "x777xx", "userId": 5, "uniqueId": "STEAM_0:0:1707600965", "team": 2}, "reason": "Narushenie pravil KASOK.NET"}
L 05/01/2020 - 12:03:52: "x777xx<5><STEAM_0:0:1707600965><TERRORIST>" disconnected (reason "Narushenie pravil KASOK.NET")
L 05/01/2020 - 12:03:52: <WarMod> {"event": "round_stats", "player": {"name": "x777xx", "userId": 5, "uniqueId": "STEAM_0:0:1707600965", "team": 2}, "shots": 0, "hits": 0, "kills": 0, "headshots": 0, "tks": 0, "damage": 0, "deaths": 0, "head": 0, "chest": 0, "stomach": 0, "leftArm": 0, "rightArm": 0, "leftLeg": 0, "rightLeg": 0, "generic": 0}
L 05/01/2020 - 12:03:52: "x777xx<5><STEAM_0:0:1707600965><TERRORIST>" triggered "Dropped_The_Bomb"
L 05/01/2020 - 12:03:52: <WarMod> {"event": "bomb_dropped", "player": {"name": "x777xx", "userId": 5, "uniqueId": "STEAM_0:0:1707600965", "team": 2, "origin": [-831.99, -856.00, 192.66], "velocity": [0.00, 0.00, 0.00], "view": [0.00, 9.99, 0.00], "health": 100, "armor": 0, "helmet": 0}}
L 05/01/2020 - 12:03:52: <WarMod> {"event": "player_team", "player": {"name": "x777xx", "userId": 5, "uniqueId": "STEAM_0:0:1707600965", "team": 2}, "oldTeam": 2, "newTeam": 0}
L 05/01/2020 - 12:03:52: World triggered "Round_Draw" (CT "0") (T "0")
L 05/01/2020 - 12:03:52: Team "CT" scored "0" with "0" players
L 05/01/2020 - 12:03:52: Team "TERRORIST" scored "0" with "0" players
L 05/01/2020 - 12:03:52: World triggered "Round_End"
L 05/01/2020 - 12:03:52: <WarMod> {"event": "round_end", "winner": 1, "reason": 10}
L 05/01/2020 - 12:03:52: Banid: "<><STEAM_0:0:1707600965><>" was banned "for 10.00 minutes" by "Console"
L 05/01/2020 - 12:03:57: <WarMod> {"event": "round_start", "freezeTime": 3}
L 05/01/2020 - 12:04:00: World triggered "Round_Start"
L 05/01/2020 - 12:04:00: <WarMod> {"event": "round_freeze_end"}
L 05/01/2020 - 12:24:41: "x777xx<6><STEAM_ID_PENDING><>" connected, address "77.34.83.179:27005"
L 05/01/2020 - 12:24:41: L 05/01/2020 - 12:24:41: eSTEAMATiON STATS Info: <ID STEAM_0:0:1707600965><IP 77.34.83.179> <EMU REVEMU_4TH_GEN> STATUS:ACCEPTED
L 05/01/2020 - 12:24:41: L 05/01/2020 - 12:24:41: eSTEAMATiON assigned STEAM_0:0:1707600965 ID to this client
L 05/01/2020 - 12:24:41: "x777xx<6><STEAM_0:0:1707600965><>" STEAM USERID validated
L 05/01/2020 - 12:24:43: <WarMod> {"event": "player_connect", "player": {"name": "x777xx", "userId": 6, "uniqueId": "STEAM_0:0:1707600965", "team": 0}, "address": "77.34.83.179", "country": "RU"}
L 05/01/2020 - 12:24:43: "x777xx<6><STEAM_0:0:1707600965><>" entered the game
L 05/01/2020 - 12:24:44: "x777xx<6><STEAM_0:0:1707600965><Unassigned>" joined team "TERRORIST"
L 05/01/2020 - 12:24:44: <WarMod> {"event": "player_team", "player": {"name": "x777xx", "userId": 6, "uniqueId": "STEAM_0:0:1707600965", "team": 0}, "oldTeam": 0, "newTeam": 2}
L 05/01/2020 - 12:24:45: <WarMod> {"event": "item_pickup", "player": {"name": "x777xx", "userId": 6, "uniqueId": "STEAM_0:0:1707600965", "team": 2, "origin": [-736.00, -920.00, 240.00], "velocity": [0.00, 0.00, 0.00], "view": [0.00, 356.00, 0.00], "health": 100, "armor": 0, "helmet": 0}, "item": "knife"}
L 05/01/2020 - 12:24:45: <WarMod> {"event": "item_pickup", "player": {"name": "x777xx", "userId": 6, "uniqueId": "STEAM_0:0:1707600965", "team": 2, "origin": [-736.00, -920.00, 240.00], "velocity": [0.00, 0.00, 0.00], "view": [0.00, 356.00, 0.00], "health": 100, "armor": 0, "helmet": 0}, "item": "glock"}
L 05/01/2020 - 12:24:45: <WarMod> {"event": "item_pickup", "player": {"name": "x777xx", "userId": 6, "uniqueId": "STEAM_0:0:1707600965", "team": 2, "origin": [-736.00, -920.00, 240.00], "velocity": [0.00, 0.00, 0.00], "view": [0.00, 356.00, 0.00], "health": 100, "armor": 0, "helmet": 0}, "item": "c4"}
L 05/01/2020 - 12:24:45: "x777xx<6><STEAM_0:0:1707600965><TERRORIST>" triggered "Got_The_Bomb"
L 05/01/2020 - 12:24:45: <WarMod> {"event": "bomb_pickup", "player": {"name": "x777xx", "userId": 6, "uniqueId": "STEAM_0:0:1707600965", "team": 2, "origin": [-736.00, -920.00, 240.00], "velocity": [0.00, 0.00, 0.00], "view": [0.00, 356.00, 0.00], "health": 100, "armor": 0, "helmet": 0}}
L 05/01/2020 - 12:25:00: rcon from "77.34.83.179:60604": command "sm plugins reload basebans.smx"
L 05/01/2020 - 12:25:07: rcon from "77.34.83.179:60604": command "sm plugins reload basecommands.smx"
L 05/01/2020 - 12:25:09: "x777xx<6><STEAM_0:0:1707600965><TERRORIST>" say "@1"
L 05/01/2020 - 12:25:09: <WarMod> {"event": "player_say", "player": {"name": "x777xx", "userId": 6, "uniqueId": "STEAM_0:0:1707600965", "team": 2}, "message": "@1", "teamOnly": 0}
L 05/01/2020 - 12:25:15: "x777xx<6><STEAM_0:0:1707600965><TERRORIST>" say "!ban"
L 05/01/2020 - 12:25:42: "x777xx<6><STEAM_0:0:1707600965><TERRORIST>" say "!unban"
L 05/01/2020 - 12:28:11: "x777xx<6><STEAM_0:0:1707600965><TERRORIST>" say "!sm_cvar"
L 05/01/2020 - 12:28:21: "x777xx<6><STEAM_0:0:1707600965><TERRORIST>" say "!sm_cvar mp_freezetime -"
L 05/01/2020 - 12:28:28: "x777xx<6><STEAM_0:0:1707600965><TERRORIST>" say "!sm_cvar mp_freezetime 0"
L 05/01/2020 - 12:30:32: "x777xx<6><STEAM_0:0:1707600965><TERRORIST>" say "!reloadadmins"
L 05/01/2020 - 12:31:02: "x777xx<6><STEAM_0:0:1707600965><TERRORIST>" say "!ban 777"
L 05/01/2020 - 12:31:23: "x777xx<6><STEAM_0:0:1707600965><TERRORIST>" say "!ban 777 10 kasok.net"
L 05/01/2020 - 12:31:23: <WarMod> {"event": "player_disconnect", "player": {"name": "x777xx", "userId": 6, "uniqueId": "STEAM_0:0:1707600965", "team": 2}, "reason": "kasok.net"}
L 05/01/2020 - 12:31:23: "x777xx<6><STEAM_0:0:1707600965><TERRORIST>" disconnected (reason "kasok.net")
L 05/01/2020 - 12:31:23: <WarMod> {"event": "weapon_stats", "player": {"name": "x777xx", "userId": 6, "uniqueId": "STEAM_0:0:1707600965", "team": 2}, "weapon": "knife", "shots": 5, "hits": 0, "kills": 0, "headshots": 0, "tks": 0, "damage": 0, "deaths": 0, "head": 0, "chest": 0, "stomach": 0, "leftArm": 0, "rightArm": 0, "leftLeg": 0, "rightLeg": 0, "generic": 0}
L 05/01/2020 - 12:31:23: <WarMod> {"event": "round_stats", "player": {"name": "x777xx", "userId": 6, "uniqueId": "STEAM_0:0:1707600965", "team": 2}, "shots": 5, "hits": 0, "kills": 0, "headshots": 0, "tks": 0, "damage": 0, "deaths": 0, "head": 0, "chest": 0, "stomach": 0, "leftArm": 0, "rightArm": 0, "leftLeg": 0, "rightLeg": 0, "generic": 0}
L 05/01/2020 - 12:31:23: "x777xx<6><STEAM_0:0:1707600965><TERRORIST>" triggered "Dropped_The_Bomb"
L 05/01/2020 - 12:31:23: <WarMod> {"event": "bomb_dropped", "player": {"name": "x777xx", "userId": 6, "uniqueId": "STEAM_0:0:1707600965", "team": 2, "origin": [-683.23, -680.34, 206.22], "velocity": [0.00, 0.00, 0.00], "view": [14.03, 189.93, 0.00], "health": 100, "armor": 0, "helmet": 0}}
L 05/01/2020 - 12:31:23: <WarMod> {"event": "player_team", "player": {"name": "x777xx", "userId": 6, "uniqueId": "STEAM_0:0:1707600965", "team": 2}, "oldTeam": 2, "newTeam": 0}
L 05/01/2020 - 12:31:23: World triggered "Round_Draw" (CT "0") (T "0")
L 05/01/2020 - 12:31:23: Team "CT" scored "0" with "0" players
L 05/01/2020 - 12:31:23: Team "TERRORIST" scored "0" with "0" players
L 05/01/2020 - 12:31:23: World triggered "Round_End"
L 05/01/2020 - 12:31:23: <WarMod> {"event": "round_end", "winner": 1, "reason": 10}
L 05/01/2020 - 12:31:23: Banid: "<><STEAM_0:0:1707600965><>" was banned "for 30.00 minutes" by "Console"
L 05/01/2020 - 12:31:28: "x777xx<7><STEAM_ID_PENDING><>" connected, address "77.34.83.179:27005"
L 05/01/2020 - 12:31:28: L 05/01/2020 - 12:31:28: eSTEAMATiON STATS Info: <ID STEAM_0:0:1707600965><IP 77.34.83.179> <EMU REVEMU_4TH_GEN> STATUS:ACCEPTED
L 05/01/2020 - 12:31:28: L 05/01/2020 - 12:31:28: eSTEAMATiON assigned STEAM_0:0:1707600965 ID to this client
L 05/01/2020 - 12:31:28: "x777xx<7><STEAM_0:0:1707600965><>" disconnected (reason "STEAM UserID STEAM_0:0:1707600965 is banned")
L 05/01/2020 - 12:31:28: <WarMod> {"event": "round_start", "freezeTime": 0}
L 05/01/2020 - 12:31:28: World triggered "Round_Start"
L 05/01/2020 - 12:31:28: <WarMod> {"event": "round_freeze_end"}
L 05/01/2020 - 12:37:25: "steal.pro*True*Star<8><STEAM_ID_PENDING><>" connected, address "185.57.28.235:27005"
L 05/01/2020 - 12:37:25: L 05/01/2020 - 12:37:25: eSTEAMATiON STATS Info: <ID STEAM_0:0:658514509><IP 185.57.28.235> <EMU REVEMU_3RD_GEN> STATUS:ACCEPTED
L 05/01/2020 - 12:37:25: L 05/01/2020 - 12:37:25: eSTEAMATiON assigned STEAM_0:0:658514509 ID to this client
L 05/01/2020 - 12:37:25: "steal.pro*True*Star<8><STEAM_0:0:658514509><>" STEAM USERID validated
L 05/01/2020 - 12:37:31: <WarMod> {"event": "player_connect", "player": {"name": "steal.pro*True*Star", "userId": 8, "uniqueId": "STEAM_0:0:658514509", "team": 0}, "address": "185.57.28.235", "country": "RU"}
L 05/01/2020 - 12:37:31: "steal.pro*True*Star<8><STEAM_0:0:658514509><>" entered the game
L 05/01/2020 - 12:37:32: "steal.pro*True*Star<8><STEAM_0:0:658514509><Unassigned>" joined team "TERRORIST"
L 05/01/2020 - 12:37:32: <WarMod> {"event": "player_team", "player": {"name": "steal.pro*True*Star", "userId": 8, "uniqueId": "STEAM_0:0:658514509", "team": 0}, "oldTeam": 0, "newTeam": 2}
L 05/01/2020 - 12:37:32: <WarMod> {"event": "item_pickup", "player": {"name": "steal.pro*True*Star", "userId": 8, "uniqueId": "STEAM_0:0:658514509", "team": 2, "origin": [-736.00, -824.00, 240.00], "velocity": [0.00, 0.00, 0.00], "view": [0.00, 0.00, 0.00], "health": 100, "armor": 0, "helmet": 0}, "item": "knife"}
L 05/01/2020 - 12:37:32: <WarMod> {"event": "item_pickup", "player": {"name": "steal.pro*True*Star", "userId": 8, "uniqueId": "STEAM_0:0:658514509", "team": 2, "origin": [-736.00, -824.00, 240.00], "velocity": [0.00, 0.00, 0.00], "view": [0.00, 0.00, 0.00], "health": 100, "armor": 0, "helmet": 0}, "item": "glock"}
L 05/01/2020 - 12:37:32: <WarMod> {"event": "item_pickup", "player": {"name": "steal.pro*True*Star", "userId": 8, "uniqueId": "STEAM_0:0:658514509", "team": 2, "origin": [-736.00, -824.00, 240.00], "velocity": [0.00, 0.00, 0.00], "view": [0.00, 0.00, 0.00], "health": 100, "armor": 0, "helmet": 0}, "item": "c4"}
L 05/01/2020 - 12:37:32: "steal.pro*True*Star<8><STEAM_0:0:658514509><TERRORIST>" triggered "Got_The_Bomb"
L 05/01/2020 - 12:37:32: <WarMod> {"event": "bomb_pickup", "player": {"name": "steal.pro*True*Star", "userId": 8, "uniqueId": "STEAM_0:0:658514509", "team": 2, "origin": [-736.00, -824.00, 240.00], "velocity": [0.00, 0.00, 0.00], "view": [0.00, 0.00, 0.00], "health": 100, "armor": 0, "helmet": 0}}
L 05/01/2020 - 12:38:15: "steal.pro*True*Star<8><STEAM_0:0:658514509><TERRORIST>" say "!admin"
L 05/01/2020 - 12:38:25: "steal.pro*True*Star<8><STEAM_0:0:658514509><TERRORIST>" say "!rs"
L 05/01/2020 - 12:38:25: <WarMod> {"event": "player_say", "player": {"name": "steal.pro*True*Star", "userId": 8, "uniqueId": "STEAM_0:0:658514509", "team": 2}, "message": "!rs", "teamOnly": 0}
L 05/01/2020 - 12:38:27: "steal.pro*True*Star<8><STEAM_0:0:658514509><TERRORIST>" say "!restart"
L 05/01/2020 - 12:38:27: <WarMod> {"event": "player_say", "player": {"name": "steal.pro*True*Star", "userId": 8, "uniqueId": "STEAM_0:0:658514509", "team": 2}, "message": "!restart", "teamOnly": 0}
L 05/01/2020 - 12:38:32: "steal.pro*True*Star<8><STEAM_0:0:658514509><TERRORIST>" say "!admin"
L 05/01/2020 - 12:38:49: "steal.pro*True*Star<8><STEAM_0:0:658514509><TERRORIST>" say "!restart"
L 05/01/2020 - 12:38:49: <WarMod> {"event": "player_say", "player": {"name": "steal.pro*True*Star", "userId": 8, "uniqueId": "STEAM_0:0:658514509", "team": 2}, "message": "!restart", "teamOnly": 0}
L 05/01/2020 - 12:38:53: "steal.pro*True*Star<8><STEAM_0:0:658514509><TERRORIST>" say "rtv"
L 05/01/2020 - 12:38:53: <WarMod> {"event": "player_say", "player": {"name": "steal.pro*True*Star", "userId": 8, "uniqueId": "STEAM_0:0:658514509", "team": 2}, "message": "rtv", "teamOnly": 0}
L 05/01/2020 - 12:38:56: "steal.pro*True*Star<8><STEAM_0:0:658514509><TERRORIST>" say "restart"
L 05/01/2020 - 12:38:56: <WarMod> {"event": "player_say", "player": {"name": "steal.pro*True*Star", "userId": 8, "uniqueId": "STEAM_0:0:658514509", "team": 2}, "message": "restart", "teamOnly": 0}
L 05/01/2020 - 12:39:10: <WarMod> {"event": "player_disconnect", "player": {"name": "steal.pro*True*Star", "userId": 8, "uniqueId": "STEAM_0:0:658514509", "team": 2}, "reason": "Disconnect by user."}
L 05/01/2020 - 12:39:10: "steal.pro*True*Star<8><STEAM_0:0:658514509><TERRORIST>" disconnected (reason "Disconnect by user.")
L 05/01/2020 - 12:39:10: <WarMod> {"event": "weapon_stats", "player": {"name": "steal.pro*True*Star", "userId": 8, "uniqueId": "STEAM_0:0:658514509", "team": 2}, "weapon": "glock", "shots": 14, "hits": 0, "kills": 0, "headshots": 0, "tks": 0, "damage": 0, "deaths": 0, "head": 0, "chest": 0, "stomach": 0, "leftArm": 0, "rightArm": 0, "leftLeg": 0, "rightLeg": 0, "generic": 0}
L 05/01/2020 - 12:39:10: <WarMod> {"event": "weapon_stats", "player": {"name": "steal.pro*True*Star", "userId": 8, "uniqueId": "STEAM_0:0:658514509", "team": 2}, "weapon": "knife", "shots": 2, "hits": 0, "kills": 0, "headshots": 0, "tks": 0, "damage": 0, "deaths": 0, "head": 0, "chest": 0, "stomach": 0, "leftArm": 0, "rightArm": 0, "leftLeg": 0, "rightLeg": 0, "generic": 0}
L 05/01/2020 - 12:39:10: <WarMod> {"event": "round_stats", "player": {"name": "steal.pro*True*Star", "userId": 8, "uniqueId": "STEAM_0:0:658514509", "team": 2}, "shots": 16, "hits": 0, "kills": 0, "headshots": 0, "tks": 0, "damage": 0, "deaths": 0, "head": 0, "chest": 0, "stomach": 0, "leftArm": 0, "rightArm": 0, "leftLeg": 0, "rightLeg": 0, "generic": 0}
L 05/01/2020 - 12:39:10: "steal.pro*True*Star<8><STEAM_0:0:658514509><TERRORIST>" triggered "Dropped_The_Bomb"
L 05/01/2020 - 12:39:10: <WarMod> {"event": "bomb_dropped", "player": {"name": "steal.pro*True*Star", "userId": 8, "uniqueId": "STEAM_0:0:658514509", "team": 2, "origin": [1461.68, 2236.60, 72.57], "velocity": [0.00, 0.00, 0.00], "view": [6.50, 136.32, 0.00], "health": 100, "armor": 0, "helmet": 0}}
L 05/01/2020 - 12:39:10: <WarMod> {"event": "player_team", "player": {"name": "steal.pro*True*Star", "userId": 8, "uniqueId": "STEAM_0:0:658514509", "team": 2}, "oldTeam": 2, "newTeam": 0}
L 05/01/2020 - 12:39:10: World triggered "Round_Draw" (CT "0") (T "0")
L 05/01/2020 - 12:39:10: Team "CT" scored "0" with "0" players
L 05/01/2020 - 12:39:10: Team "TERRORIST" scored "0" with "0" players
L 05/01/2020 - 12:39:10: World triggered "Round_End"
L 05/01/2020 - 12:39:10: <WarMod> {"event": "round_end", "winner": 1, "reason": 10}
L 05/01/2020 - 12:39:15: <WarMod> {"event": "round_start", "freezeTime": 0}
L 05/01/2020 - 12:39:15: World triggered "Round_Start"
L 05/01/2020 - 12:39:15: <WarMod> {"event": "round_freeze_end"}
L 05/01/2020 - 12:40:23: "x777xx<9><STEAM_ID_PENDING><>" connected, address "77.34.83.179:27005"
L 05/01/2020 - 12:40:23: L 05/01/2020 - 12:40:23: eSTEAMATiON STATS Info: <ID STEAM_0:0:1707600965><IP 77.34.83.179> <EMU REVEMU_4TH_GEN> STATUS:ACCEPTED
L 05/01/2020 - 12:40:23: L 05/01/2020 - 12:40:23: eSTEAMATiON assigned STEAM_0:0:1707600965 ID to this client
L 05/01/2020 - 12:40:23: <WarMod> {"event": "player_disconnect", "player": null, "reason": "STEAM UserID STEAM_0:0:1707600965 is banned"}
L 05/01/2020 - 12:40:23: "x777xx<9><STEAM_0:0:1707600965><>" disconnected (reason "STEAM UserID STEAM_0:0:1707600965 is banned")
L 05/01/2020 - 12:41:15: Removeid: "<><STEAM_0:0:1707600965><>" was unbanned by "Console"
L 05/01/2020 - 12:41:19: "x777xx<10><STEAM_ID_PENDING><>" connected, address "77.34.83.179:27005"
L 05/01/2020 - 12:41:19: L 05/01/2020 - 12:41:19: eSTEAMATiON STATS Info: <ID STEAM_0:0:1707600965><IP 77.34.83.179> <EMU REVEMU_4TH_GEN> STATUS:ACCEPTED
L 05/01/2020 - 12:41:19: L 05/01/2020 - 12:41:19: eSTEAMATiON assigned STEAM_0:0:1707600965 ID to this client
L 05/01/2020 - 12:41:19: "x777xx<10><STEAM_0:0:1707600965><>" STEAM USERID validated
L 05/01/2020 - 12:41:21: <WarMod> {"event": "player_connect", "player": {"name": "x777xx", "userId": 10, "uniqueId": "STEAM_0:0:1707600965", "team": 0}, "address": "77.34.83.179", "country": "RU"}
L 05/01/2020 - 12:41:21: "x777xx<10><STEAM_0:0:1707600965><>" entered the game
L 05/01/2020 - 12:41:22: "x777xx<10><STEAM_0:0:1707600965><Unassigned>" joined team "CT"
L 05/01/2020 - 12:41:22: <WarMod> {"event": "player_team", "player": {"name": "x777xx", "userId": 10, "uniqueId": "STEAM_0:0:1707600965", "team": 0}, "oldTeam": 0, "newTeam": 3}
L 05/01/2020 - 12:41:23: <WarMod> {"event": "item_pickup", "player": {"name": "x777xx", "userId": 10, "uniqueId": "STEAM_0:0:1707600965", "team": 3, "origin": [352.00, 2464.00, -24.00], "velocity": [0.00, 0.00, 0.00], "view": [0.00, 255.00, 0.00], "health": 100, "armor": 0, "helmet": 0}, "item": "knife"}
L 05/01/2020 - 12:41:23: <WarMod> {"event": "item_pickup", "player": {"name": "x777xx", "userId": 10, "uniqueId": "STEAM_0:0:1707600965", "team": 3, "origin": [352.00, 2464.00, -24.00], "velocity": [0.00, 0.00, 0.00], "view": [0.00, 255.00, 0.00], "health": 100, "armor": 0, "helmet": 0}, "item": "usp"}
L 05/01/2020 - 12:41:28: "x777xx<10><STEAM_0:0:1707600965><CT>" say "`"
L 05/01/2020 - 12:41:28: <WarMod> {"event": "player_say", "player": {"name": "x777xx", "userId": 10, "uniqueId": "STEAM_0:0:1707600965", "team": 3}, "message": "`", "teamOnly": 0}
L 05/01/2020 - 12:41:32: rcon from "77.34.83.179:60604": command "sm plugins reload basecommands.smx"
L 05/01/2020 - 12:41:33: rcon from "77.34.83.179:60604": command "sm plugins reload basebans.smx"
L 05/01/2020 - 12:41:40: rcon from "77.34.83.179:60604": command "sm plugins reload adminmenu.smx"
L 05/01/2020 - 12:41:53: rcon from "77.34.83.179:60604": command "sm plugins load antipingmask.smx"
L 05/01/2020 - 12:43:00: <WarMod> {"event": "player_disconnect", "player": {"name": "x777xx", "userId": 10, "uniqueId": "STEAM_0:0:1707600965", "team": 3}, "reason": "Disconnect by user."}
L 05/01/2020 - 12:43:00: "x777xx<10><STEAM_0:0:1707600965><CT>" disconnected (reason "Disconnect by user.")
L 05/01/2020 - 12:43:00: <WarMod> {"event": "weapon_stats", "player": {"name": "x777xx", "userId": 10, "uniqueId": "STEAM_0:0:1707600965", "team": 3}, "weapon": "knife", "shots": 42, "hits": 0, "kills": 0, "headshots": 0, "tks": 0, "damage": 0, "deaths": 0, "head": 0, "chest": 0, "stomach": 0, "leftArm": 0, "rightArm": 0, "leftLeg": 0, "rightLeg": 0, "generic": 0}
L 05/01/2020 - 12:43:00: <WarMod> {"event": "round_stats", "player": {"name": "x777xx", "userId": 10, "uniqueId": "STEAM_0:0:1707600965", "team": 3}, "shots": 42, "hits": 0, "kills": 0, "headshots": 0, "tks": 0, "damage": 0, "deaths": 0, "head": 0, "chest": 0, "stomach": 0, "leftArm": 0, "rightArm": 0, "leftLeg": 0, "rightLeg": 0, "generic": 0}
L 05/01/2020 - 12:43:00: <WarMod> {"event": "player_team", "player": {"name": "x777xx", "userId": 10, "uniqueId": "STEAM_0:0:1707600965", "team": 3}, "oldTeam": 3, "newTeam": 0}
L 05/01/2020 - 12:43:00: World triggered "Round_Draw" (CT "0") (T "0")
L 05/01/2020 - 12:43:00: Team "CT" scored "0" with "0" players
L 05/01/2020 - 12:43:00: Team "TERRORIST" scored "0" with "0" players
L 05/01/2020 - 12:43:00: World triggered "Round_End"
L 05/01/2020 - 12:43:00: <WarMod> {"event": "round_end", "winner": 1, "reason": 10}
L 05/01/2020 - 12:43:05: <WarMod> {"event": "round_start", "freezeTime": 0}
L 05/01/2020 - 12:43:05: World triggered "Round_Start"
L 05/01/2020 - 12:43:05: <WarMod> {"event": "round_freeze_end"}
L 05/01/2020 - 12:43:48: "x777xx<11><STEAM_ID_PENDING><>" connected, address "77.34.83.179:27005"
L 05/01/2020 - 12:43:48: L 05/01/2020 - 12:43:48: eSTEAMATiON STATS Info: <ID STEAM_0:0:1707600965><IP 77.34.83.179> <EMU REVEMU_4TH_GEN> STATUS:ACCEPTED
L 05/01/2020 - 12:43:48: L 05/01/2020 - 12:43:48: eSTEAMATiON assigned STEAM_0:0:1707600965 ID to this client
L 05/01/2020 - 12:43:48: "x777xx<11><STEAM_0:0:1707600965><>" STEAM USERID validated
L 05/01/2020 - 12:43:50: <WarMod> {"event": "player_connect", "player": {"name": "x777xx", "userId": 11, "uniqueId": "STEAM_0:0:1707600965", "team": 0}, "address": "77.34.83.179", "country": "RU"}
L 05/01/2020 - 12:43:50: "x777xx<11><STEAM_0:0:1707600965><>" entered the game
L 05/01/2020 - 12:43:50: "x777xx<11><STEAM_0:0:1707600965><Unassigned>" joined team "CT"
L 05/01/2020 - 12:43:50: <WarMod> {"event": "player_team", "player": {"name": "x777xx", "userId": 11, "uniqueId": "STEAM_0:0:1707600965", "team": 0}, "oldTeam": 0, "newTeam": 3}
L 05/01/2020 - 12:43:51: <WarMod> {"event": "item_pickup", "player": {"name": "x777xx", "userId": 11, "uniqueId": "STEAM_0:0:1707600965", "team": 3, "origin": [256.00, 2464.00, -24.00], "velocity": [0.00, 0.00, 0.00], "view": [0.00, 255.00, 0.00], "health": 100, "armor": 0, "helmet": 0}, "item": "knife"}
L 05/01/2020 - 12:43:51: <WarMod> {"event": "item_pickup", "player": {"name": "x777xx", "userId": 11, "uniqueId": "STEAM_0:0:1707600965", "team": 3, "origin": [256.00, 2464.00, -24.00], "velocity": [0.00, 0.00, 0.00], "view": [0.00, 255.00, 0.00], "health": 100, "armor": 0, "helmet": 0}, "item": "usp"}
L 05/01/2020 - 12:43:53: rcon from "77.34.83.179:60604": command "sm plugins load antipingmask.smx"
L 05/01/2020 - 12:43:56: rcon from "77.34.83.179:60604": command "sm plugins reload antipingmask.smx"
L 05/01/2020 - 12:44:30: <WarMod> {"event": "player_disconnect", "player": {"name": "x777xx", "userId": 11, "uniqueId": "STEAM_0:0:1707600965", "team": 3}, "reason": "Disconnect by user."}
L 05/01/2020 - 12:44:30: "x777xx<11><STEAM_0:0:1707600965><CT>" disconnected (reason "Disconnect by user.")
L 05/01/2020 - 12:44:30: <WarMod> {"event": "weapon_stats", "player": {"name": "x777xx", "userId": 11, "uniqueId": "STEAM_0:0:1707600965", "team": 3}, "weapon": "usp", "shots": 32, "hits": 0, "kills": 0, "headshots": 0, "tks": 0, "damage": 0, "deaths": 0, "head": 0, "chest": 0, "stomach": 0, "leftArm": 0, "rightArm": 0, "leftLeg": 0, "rightLeg": 0, "generic": 0}
L 05/01/2020 - 12:44:30: <WarMod> {"event": "weapon_stats", "player": {"name": "x777xx", "userId": 11, "uniqueId": "STEAM_0:0:1707600965", "team": 3}, "weapon": "knife", "shots": 3, "hits": 0, "kills": 0, "headshots": 0, "tks": 0, "damage": 0, "deaths": 0, "head": 0, "chest": 0, "stomach": 0, "leftArm": 0, "rightArm": 0, "leftLeg": 0, "rightLeg": 0, "generic": 0}
L 05/01/2020 - 12:44:30: <WarMod> {"event": "round_stats", "player": {"name": "x777xx", "userId": 11, "uniqueId": "STEAM_0:0:1707600965", "team": 3}, "shots": 35, "hits": 0, "kills": 0, "headshots": 0, "tks": 0, "damage": 0, "deaths": 0, "head": 0, "chest": 0, "stomach": 0, "leftArm": 0, "rightArm": 0, "leftLeg": 0, "rightLeg": 0, "generic": 0}
L 05/01/2020 - 12:44:30: <WarMod> {"event": "player_team", "player": {"name": "x777xx", "userId": 11, "uniqueId": "STEAM_0:0:1707600965", "team": 3}, "oldTeam": 3, "newTeam": 0}
L 05/01/2020 - 12:44:30: World triggered "Round_Draw" (CT "0") (T "0")
L 05/01/2020 - 12:44:30: Team "CT" scored "0" with "0" players
L 05/01/2020 - 12:44:30: Team "TERRORIST" scored "0" with "0" players
L 05/01/2020 - 12:44:30: World triggered "Round_End"
L 05/01/2020 - 12:44:30: <WarMod> {"event": "round_end", "winner": 1, "reason": 10}
L 05/01/2020 - 12:44:35: <WarMod> {"event": "round_start", "freezeTime": 0}
L 05/01/2020 - 12:44:35: World triggered "Round_Start"
L 05/01/2020 - 12:44:35: <WarMod> {"event": "round_freeze_end"}
L 05/01/2020 - 12:47:54: [META] Loaded 0 plugins (2 already loaded)
L 05/01/2020 - 12:47:54: server_message: "quit"
L 05/01/2020 - 12:47:54: Log file closed
